nohup: ignoring input
Taking mean every 5 batches
Generating data_batch_1
Generating data_batch_2
Generating data_batch_3
Generating data_batch_4
Generating data_batch_5
Taking mean of batch 5
Batch file backed_up
Generating data_batch_6
Generating data_batch_7
Generating data_batch_8
Generating data_batch_9
Generating data_batch_10
Taking mean of batch 10
Batch file backed_up
Generating data_batch_11
Generating data_batch_12
Generating data_batch_13
Generating data_batch_14
Generating data_batch_15
Taking mean of batch 15
Batch file backed_up
Generating data_batch_16
Generating data_batch_17
Generating data_batch_18
Generating data_batch_19
Generating data_batch_20
Taking mean of batch 20
Batch file backed_up
Generating data_batch_21
Generating data_batch_22
Generating data_batch_23
Generating data_batch_24
Generating data_batch_25
Taking mean of batch 25
Batch file backed_up
Generating data_batch_26
Generating data_batch_27
Generating data_batch_28
Generating data_batch_29
Generating data_batch_30
Taking mean of batch 30
Batch file backed_up
Generating data_batch_31
Generating data_batch_32
Generating data_batch_33
Generating data_batch_34
Generating data_batch_35
Taking mean of batch 35
Batch file backed_up
Generating data_batch_36
Generating data_batch_37
Generating data_batch_38
Generating data_batch_39
Generating data_batch_40
Taking mean of batch 40
Batch file backed_up
Generating data_batch_41
Generating data_batch_42
Generating data_batch_43
Generating data_batch_44
Generating data_batch_45
Taking mean of batch 45
Batch file backed_up
Generating data_batch_46
Generating data_batch_47
Generating data_batch_48
Generating data_batch_49
Generating data_batch_50
Taking mean of batch 50
Batch file backed_up
Generating data_batch_51
Generating data_batch_52
Generating data_batch_53
Generating data_batch_54
Generating data_batch_55
Taking mean of batch 55
Batch file backed_up
Generating data_batch_56
Generating data_batch_57
Generating data_batch_58
Generating data_batch_59
Generating data_batch_60
Taking mean of batch 60
Batch file backed_up
Generating data_batch_61
Generating data_batch_62
Generating data_batch_63
Generating data_batch_64
Generating data_batch_65
Taking mean of batch 65
Batch file backed_up
Generating data_batch_66
Generating data_batch_67
Generating data_batch_68
Generating data_batch_69
Generating data_batch_70
Taking mean of batch 70
Batch file backed_up
Generating data_batch_71
Generating data_batch_72
Generating data_batch_73
Generating data_batch_74
Generating data_batch_75
Taking mean of batch 75
Batch file backed_up
Generating data_batch_76
Generating data_batch_77
Generating data_batch_78
Generating data_batch_79
Generating data_batch_80
Taking mean of batch 80
Batch file backed_up
Generating data_batch_81
Generating data_batch_82
Generating data_batch_83
Generating data_batch_84
Generating data_batch_85
Taking mean of batch 85
Batch file backed_up
Generating data_batch_86
Generating data_batch_87
Generating data_batch_88
Generating data_batch_89
Generating data_batch_90
Taking mean of batch 90
Batch file backed_up
Generating data_batch_91
Generating data_batch_92
Generating data_batch_93
Generating data_batch_94
Generating data_batch_95
Taking mean of batch 95
Batch file backed_up
Generating data_batch_96
Generating data_batch_97
Generating data_batch_98
Generating data_batch_99
Generating data_batch_100
Taking mean of batch 100
Batch file backed_up
Generating data_batch_101
Generating data_batch_102
Generating data_batch_103
Generating data_batch_104
Generating data_batch_105
Taking mean of batch 105
Batch file backed_up
Generating data_batch_106
Generating data_batch_107
Batch processing complete
nohup: ignoring input
Taking mean every 2 batches
Generating data_batch_1
Generating data_batch_2
Taking mean of batch 2
Batch file backed_up
Generating data_batch_3
Generating data_batch_4
Taking mean of batch 4
Batch file backed_up
Generating data_batch_5
Generating data_batch_6
Taking mean of batch 6
Batch file backed_up
Generating data_batch_7
Generating data_batch_8
Taking mean of batch 8
Batch file backed_up
Generating data_batch_9
Generating data_batch_10
Taking mean of batch 10
Batch file backed_up
Generating data_batch_11
Generating data_batch_12
Taking mean of batch 12
Batch file backed_up
Generating data_batch_13
Generating data_batch_14
Taking mean of batch 14
Batch file backed_up
Generating data_batch_15
Generating data_batch_16
Taking mean of batch 16
Batch file backed_up
Generating data_batch_17
Generating data_batch_18
Taking mean of batch 18
Batch file backed_up
Generating data_batch_19
Generating data_batch_20
Taking mean of batch 20
Batch file backed_up
Generating data_batch_21
Generating data_batch_22
Taking mean of batch 22
Batch file backed_up
Generating data_batch_23
Generating data_batch_24
Taking mean of batch 24
Batch file backed_up
Generating data_batch_25
Generating data_batch_26
Taking mean of batch 26
Batch file backed_up
Generating data_batch_27
Generating data_batch_28
Taking mean of batch 28
Batch file backed_up
Generating data_batch_29
Generating data_batch_30
Taking mean of batch 30
Batch file backed_up
Generating data_batch_31
Generating data_batch_32
Taking mean of batch 32
Batch file backed_up
Generating data_batch_33
Generating data_batch_34
Taking mean of batch 34
Batch file backed_up
Generating data_batch_35
Generating data_batch_36
Taking mean of batch 36
Batch file backed_up
Generating data_batch_37
Generating data_batch_38
Taking mean of batch 38
Batch file backed_up
Generating data_batch_39
Generating data_batch_40
Taking mean of batch 40
Batch file backed_up
Generating data_batch_41
Generating data_batch_42
Taking mean of batch 42
Batch file backed_up
Generating data_batch_43
Generating data_batch_44
Taking mean of batch 44
Batch file backed_up
Generating data_batch_45
Batch processing complete
