Taking mean every 44 batches
Generating data_batch_1
Generating data_batch_2
Generating data_batch_3
Generating data_batch_4
Generating data_batch_5
Generating data_batch_6
Generating data_batch_7
Generating data_batch_8
Generating data_batch_9
Generating data_batch_10
Generating data_batch_11
Generating data_batch_12
Generating data_batch_13
Generating data_batch_14
Generating data_batch_15
Generating data_batch_16
Generating data_batch_17
Generating data_batch_18
Generating data_batch_19
Generating data_batch_20
Generating data_batch_21
Generating data_batch_22
Generating data_batch_23
Generating data_batch_24
Generating data_batch_25
Generating data_batch_26
Generating data_batch_27
Generating data_batch_28
Generating data_batch_29
Generating data_batch_30
Generating data_batch_31
Generating data_batch_32
Generating data_batch_33
Generating data_batch_34
Generating data_batch_35
Generating data_batch_36
Generating data_batch_37
Generating data_batch_38
Generating data_batch_39
Generating data_batch_40
Generating data_batch_41
Generating data_batch_42
Generating data_batch_43
Generating data_batch_44
Taking mean of batch 44
Batch file backed_up
Generating data_batch_45
Generating data_batch_46
Generating data_batch_47
Generating data_batch_48
Generating data_batch_49
Generating data_batch_50
Generating data_batch_51
Generating data_batch_52
Generating data_batch_53
Generating data_batch_54
Generating data_batch_55
Generating data_batch_56
Generating data_batch_57
Generating data_batch_58
Generating data_batch_59
Generating data_batch_60
Generating data_batch_61
Generating data_batch_62
Generating data_batch_63
Generating data_batch_64
Generating data_batch_65
Generating data_batch_66
Generating data_batch_67
Generating data_batch_68
Generating data_batch_69
Generating data_batch_70
Generating data_batch_71
Generating data_batch_72
Generating data_batch_73
Generating data_batch_74
Generating data_batch_75
Generating data_batch_76
Generating data_batch_77
Generating data_batch_78
Generating data_batch_79
Generating data_batch_80
Generating data_batch_81
Generating data_batch_82
Generating data_batch_83
Generating data_batch_84
Generating data_batch_85
Generating data_batch_86
Generating data_batch_87
Generating data_batch_88
Taking mean of batch 88
Batch file backed_up
Generating data_batch_89
Generating data_batch_90
Generating data_batch_91
Generating data_batch_92
Generating data_batch_93
Generating data_batch_94
Generating data_batch_95
Generating data_batch_96
Generating data_batch_97
Generating data_batch_98
Generating data_batch_99
Generating data_batch_100
Generating data_batch_101
Generating data_batch_102
Generating data_batch_103
Generating data_batch_104
Generating data_batch_105
Generating data_batch_106
Generating data_batch_107
Generating data_batch_108
Generating data_batch_109
Generating data_batch_110
Generating data_batch_111
Generating data_batch_112
Generating data_batch_113
Generating data_batch_114
Generating data_batch_115
Generating data_batch_116
Generating data_batch_117
Generating data_batch_118
Generating data_batch_119
Generating data_batch_120
Generating data_batch_121
Generating data_batch_122
Generating data_batch_123
Generating data_batch_124
Generating data_batch_125
Generating data_batch_126
Generating data_batch_127
Generating data_batch_128
Generating data_batch_129
Generating data_batch_130
Generating data_batch_131
Generating data_batch_132
Taking mean of batch 132
Batch file backed_up
Generating data_batch_133
Generating data_batch_134
Generating data_batch_135
Generating data_batch_136
Generating data_batch_137
Generating data_batch_138
Generating data_batch_139
Generating data_batch_140
Generating data_batch_141
Generating data_batch_142
Generating data_batch_143
Generating data_batch_144
Generating data_batch_145
Generating data_batch_146
Generating data_batch_147
Generating data_batch_148
Generating data_batch_149
Generating data_batch_150
Generating data_batch_151
Generating data_batch_152
Generating data_batch_153
Generating data_batch_154
Generating data_batch_155
Generating data_batch_156
Generating data_batch_157
Generating data_batch_158
Generating data_batch_159
Generating data_batch_160
Generating data_batch_161
Generating data_batch_162
Generating data_batch_163
Generating data_batch_164
Generating data_batch_165
Generating data_batch_166
Generating data_batch_167
Generating data_batch_168
Generating data_batch_169
Generating data_batch_170
Generating data_batch_171
Generating data_batch_172
Generating data_batch_173
Generating data_batch_174
Generating data_batch_175
Generating data_batch_176
Taking mean of batch 176
Batch file backed_up
Generating data_batch_177
Generating data_batch_178
Generating data_batch_179
Generating data_batch_180
Generating data_batch_181
Generating data_batch_182
Generating data_batch_183
Generating data_batch_184
Generating data_batch_185
Generating data_batch_186
Generating data_batch_187
Generating data_batch_188
Generating data_batch_189
Generating data_batch_190
Generating data_batch_191
Generating data_batch_192
Generating data_batch_193
Generating data_batch_194
Generating data_batch_195
Generating data_batch_196
Generating data_batch_197
Generating data_batch_198
Generating data_batch_199
Generating data_batch_200
Generating data_batch_201
Generating data_batch_202
Generating data_batch_203
Generating data_batch_204
Generating data_batch_205
Generating data_batch_206
Generating data_batch_207
Generating data_batch_208
Generating data_batch_209
Generating data_batch_210
Generating data_batch_211
Generating data_batch_212
Generating data_batch_213
Generating data_batch_214
Generating data_batch_215
Generating data_batch_216
Generating data_batch_217
Generating data_batch_218
Generating data_batch_219
Generating data_batch_220
Taking mean of batch 220
Batch file backed_up
Generating data_batch_221
Generating data_batch_222
Generating data_batch_223
Generating data_batch_224
Generating data_batch_225
Generating data_batch_226
Generating data_batch_227
Generating data_batch_228
Generating data_batch_229
Generating data_batch_230
Generating data_batch_231
Generating data_batch_232
Generating data_batch_233
Generating data_batch_234
Generating data_batch_235
Generating data_batch_236
Generating data_batch_237
Generating data_batch_238
Generating data_batch_239
Generating data_batch_240
Generating data_batch_241
Generating data_batch_242
Generating data_batch_243
Generating data_batch_244
Generating data_batch_245
Generating data_batch_246
Generating data_batch_247
Generating data_batch_248
Generating data_batch_249
Generating data_batch_250
Generating data_batch_251
Generating data_batch_252
Generating data_batch_253
Generating data_batch_254
Generating data_batch_255
Generating data_batch_256
Generating data_batch_257
Generating data_batch_258
Generating data_batch_259
Generating data_batch_260
Generating data_batch_261
Generating data_batch_262
Generating data_batch_263
Generating data_batch_264
Taking mean of batch 264
Batch file backed_up
Generating data_batch_265
Generating data_batch_266
Generating data_batch_267
Generating data_batch_268
Generating data_batch_269
Generating data_batch_270
Generating data_batch_271
Generating data_batch_272
Generating data_batch_273
Generating data_batch_274
Generating data_batch_275
Generating data_batch_276
Generating data_batch_277
Error: could not load image
Batch size too small, continuing to next batch
Generating data_batch_277
Generating data_batch_278
Generating data_batch_279
Generating data_batch_280
Generating data_batch_281
Generating data_batch_282
Generating data_batch_283
Generating data_batch_284
Generating data_batch_285
Generating data_batch_286
Generating data_batch_287
Generating data_batch_288
Generating data_batch_289
Generating data_batch_290
Generating data_batch_291
Generating data_batch_292
Generating data_batch_293
Generating data_batch_294
Generating data_batch_295
Generating data_batch_296
Generating data_batch_297
Generating data_batch_298
Generating data_batch_299
Generating data_batch_300
Generating data_batch_301
Generating data_batch_302
Generating data_batch_303
Generating data_batch_304
Generating data_batch_305
Generating data_batch_306
Generating data_batch_307
Generating data_batch_308
Taking mean of batch 308
Batch file backed_up
Generating data_batch_309
Generating data_batch_310
Generating data_batch_311
Generating data_batch_312
Generating data_batch_313
Generating data_batch_314
Generating data_batch_315
Generating data_batch_316
Generating data_batch_317
Generating data_batch_318
Generating data_batch_319
Generating data_batch_320
Generating data_batch_321
Generating data_batch_322
Generating data_batch_323
Generating data_batch_324
Generating data_batch_325
Generating data_batch_326
Generating data_batch_327
Generating data_batch_328
Generating data_batch_329
Generating data_batch_330
Generating data_batch_331
Generating data_batch_332
Generating data_batch_333
Generating data_batch_334
Generating data_batch_335
Generating data_batch_336
Generating data_batch_337
Generating data_batch_338
Generating data_batch_339
Generating data_batch_340
Generating data_batch_341
Generating data_batch_342
Generating data_batch_343
Generating data_batch_344
Generating data_batch_345
Generating data_batch_346
Generating data_batch_347
Batch size too small, continuing to next batch
Generating data_batch_347
Generating data_batch_348
Generating data_batch_349
Generating data_batch_350
Generating data_batch_351
Generating data_batch_352
Taking mean of batch 352
Batch file backed_up
Generating data_batch_353
Generating data_batch_354
Generating data_batch_355
Generating data_batch_356
Generating data_batch_357
Generating data_batch_358
Generating data_batch_359
Generating data_batch_360
Generating data_batch_361
Generating data_batch_362
Generating data_batch_363
Generating data_batch_364
Generating data_batch_365
Generating data_batch_366
Generating data_batch_367
Generating data_batch_368
Generating data_batch_369
Generating data_batch_370
Generating data_batch_371
Generating data_batch_372
Generating data_batch_373
Generating data_batch_374
Generating data_batch_375
Generating data_batch_376
Generating data_batch_377
Generating data_batch_378
Generating data_batch_379
Generating data_batch_380
Generating data_batch_381
Generating data_batch_382
Generating data_batch_383
Generating data_batch_384
Generating data_batch_385
Generating data_batch_386
Generating data_batch_387
Generating data_batch_388
Generating data_batch_389
Generating data_batch_390
Generating data_batch_391
Generating data_batch_392
Generating data_batch_393
Generating data_batch_394
Generating data_batch_395
Generating data_batch_396
Taking mean of batch 396
Batch file backed_up
Generating data_batch_397
Generating data_batch_398
Generating data_batch_399
Generating data_batch_400
Generating data_batch_401
Generating data_batch_402
Generating data_batch_403
Generating data_batch_404
Generating data_batch_405
Generating data_batch_406
Generating data_batch_407
Generating data_batch_408
Generating data_batch_409
Generating data_batch_410
Generating data_batch_411
Generating data_batch_412
Generating data_batch_413
Generating data_batch_414
Generating data_batch_415
Generating data_batch_416
Generating data_batch_417
Generating data_batch_418
Generating data_batch_419
Generating data_batch_420
Generating data_batch_421
Generating data_batch_422
Generating data_batch_423
Generating data_batch_424
Generating data_batch_425
Generating data_batch_426
Generating data_batch_427
Generating data_batch_428
Generating data_batch_429
Generating data_batch_430
Generating data_batch_431
Generating data_batch_432
Generating data_batch_433
Generating data_batch_434
Generating data_batch_435
Generating data_batch_436
Generating data_batch_437
Generating data_batch_438
Generating data_batch_439
Generating data_batch_440
Taking mean of batch 440
Batch file backed_up
Generating data_batch_441
Generating data_batch_442
Generating data_batch_443
Generating data_batch_444
Generating data_batch_445
Generating data_batch_446
Generating data_batch_447
Generating data_batch_448
Generating data_batch_449
Generating data_batch_450
Generating data_batch_451
Generating data_batch_452
Generating data_batch_453
Generating data_batch_454
Generating data_batch_455
Generating data_batch_456
Generating data_batch_457
Generating data_batch_458
Generating data_batch_459
Generating data_batch_460
Generating data_batch_461
Generating data_batch_462
Generating data_batch_463
Generating data_batch_464
Generating data_batch_465
Generating data_batch_466
Generating data_batch_467
Generating data_batch_468
Generating data_batch_469
Generating data_batch_470
Generating data_batch_471
Generating data_batch_472
Generating data_batch_473
Generating data_batch_474
Generating data_batch_475
Generating data_batch_476
Generating data_batch_477
Generating data_batch_478
Generating data_batch_479
Generating data_batch_480
Generating data_batch_481
Generating data_batch_482
Generating data_batch_483
Generating data_batch_484
Taking mean of batch 484
Batch file backed_up
Generating data_batch_485
Generating data_batch_486
Generating data_batch_487
Generating data_batch_488
Generating data_batch_489
Generating data_batch_490
Generating data_batch_491
Generating data_batch_492
Generating data_batch_493
Generating data_batch_494
Generating data_batch_495
Generating data_batch_496
Generating data_batch_497
Generating data_batch_498
Generating data_batch_499
Generating data_batch_500
Generating data_batch_501
Generating data_batch_502
Generating data_batch_503
Generating data_batch_504
Generating data_batch_505
Generating data_batch_506
Generating data_batch_507
Generating data_batch_508
Generating data_batch_509
Generating data_batch_510
Generating data_batch_511
Generating data_batch_512
Generating data_batch_513
Generating data_batch_514
Generating data_batch_515
Generating data_batch_516
Generating data_batch_517
Generating data_batch_518
Generating data_batch_519
Generating data_batch_520
Generating data_batch_521
Generating data_batch_522
Generating data_batch_523
Generating data_batch_524
Generating data_batch_525
Generating data_batch_526
Generating data_batch_527
Generating data_batch_528
Taking mean of batch 528
Batch file backed_up
Generating data_batch_529
Generating data_batch_530
Generating data_batch_531
Generating data_batch_532
Generating data_batch_533
Generating data_batch_534
Generating data_batch_535
Generating data_batch_536
Generating data_batch_537
Generating data_batch_538
Generating data_batch_539
Generating data_batch_540
Generating data_batch_541
Generating data_batch_542
Generating data_batch_543
Generating data_batch_544
Generating data_batch_545
Generating data_batch_546
Generating data_batch_547
Generating data_batch_548
Generating data_batch_549
Generating data_batch_550
Generating data_batch_551
Generating data_batch_552
Generating data_batch_553
Generating data_batch_554
Generating data_batch_555
Generating data_batch_556
Batch size too small, continuing to next batch
Generating data_batch_556
Generating data_batch_557
Generating data_batch_558
Generating data_batch_559
Generating data_batch_560
Generating data_batch_561
Generating data_batch_562
Generating data_batch_563
Generating data_batch_564
Generating data_batch_565
Generating data_batch_566
Generating data_batch_567
Generating data_batch_568
Generating data_batch_569
Generating data_batch_570
Generating data_batch_571
Generating data_batch_572
Taking mean of batch 572
Batch file backed_up
Generating data_batch_573
Generating data_batch_574
Generating data_batch_575
Generating data_batch_576
Generating data_batch_577
Generating data_batch_578
Generating data_batch_579
Generating data_batch_580
Generating data_batch_581
Generating data_batch_582
Generating data_batch_583
Generating data_batch_584
Generating data_batch_585
Generating data_batch_586
Generating data_batch_587
Generating data_batch_588
Generating data_batch_589
Generating data_batch_590
Generating data_batch_591
Generating data_batch_592
Generating data_batch_593
Generating data_batch_594
Generating data_batch_595
Generating data_batch_596
Generating data_batch_597
Generating data_batch_598
Generating data_batch_599
Generating data_batch_600
Generating data_batch_601
Generating data_batch_602
Generating data_batch_603
Generating data_batch_604
Generating data_batch_605
Generating data_batch_606
Generating data_batch_607
Generating data_batch_608
Generating data_batch_609
Generating data_batch_610
Generating data_batch_611
Generating data_batch_612
Generating data_batch_613
Generating data_batch_614
Generating data_batch_615
Generating data_batch_616
Taking mean of batch 616
Batch file backed_up
Generating data_batch_617
Generating data_batch_618
Generating data_batch_619
Generating data_batch_620
Generating data_batch_621
Generating data_batch_622
Generating data_batch_623
Generating data_batch_624
Generating data_batch_625
Generating data_batch_626
Generating data_batch_627
Generating data_batch_628
Generating data_batch_629
Generating data_batch_630
Generating data_batch_631
Generating data_batch_632
Generating data_batch_633
Generating data_batch_634
Generating data_batch_635
Generating data_batch_636
Generating data_batch_637
Generating data_batch_638
Generating data_batch_639
Generating data_batch_640
Generating data_batch_641
Generating data_batch_642
Generating data_batch_643
Generating data_batch_644
Generating data_batch_645
Generating data_batch_646
Generating data_batch_647
Generating data_batch_648
Generating data_batch_649
Generating data_batch_650
Generating data_batch_651
Generating data_batch_652
Generating data_batch_653
Generating data_batch_654
Generating data_batch_655
Generating data_batch_656
Generating data_batch_657
Generating data_batch_658
Generating data_batch_659
Generating data_batch_660
Taking mean of batch 660
Batch file backed_up
Generating data_batch_661
Generating data_batch_662
Generating data_batch_663
Generating data_batch_664
Generating data_batch_665
Generating data_batch_666
Generating data_batch_667
Generating data_batch_668
Generating data_batch_669
Generating data_batch_670
Generating data_batch_671
Generating data_batch_672
Generating data_batch_673
Generating data_batch_674
Generating data_batch_675
Generating data_batch_676
Generating data_batch_677
Generating data_batch_678
Generating data_batch_679
Generating data_batch_680
Generating data_batch_681
Generating data_batch_682
Generating data_batch_683
Generating data_batch_684
Generating data_batch_685
Generating data_batch_686
Generating data_batch_687
Generating data_batch_688
Generating data_batch_689
Generating data_batch_690
Generating data_batch_691
Generating data_batch_692
Generating data_batch_693
Generating data_batch_694
Generating data_batch_695
Generating data_batch_696
Generating data_batch_697
Generating data_batch_698
Generating data_batch_699
Generating data_batch_700
Generating data_batch_701
Generating data_batch_702
Generating data_batch_703
Generating data_batch_704
Taking mean of batch 704
Batch file backed_up
Generating data_batch_705
Generating data_batch_706
Generating data_batch_707
Generating data_batch_708
Generating data_batch_709
Generating data_batch_710
Generating data_batch_711
Generating data_batch_712
Generating data_batch_713
Generating data_batch_714
Generating data_batch_715
Generating data_batch_716
Generating data_batch_717
Generating data_batch_718
Generating data_batch_719
Generating data_batch_720
Generating data_batch_721
Generating data_batch_722
Generating data_batch_723
Generating data_batch_724
Generating data_batch_725
Generating data_batch_726
Generating data_batch_727
Generating data_batch_728
Generating data_batch_729
Generating data_batch_730
Generating data_batch_731
Generating data_batch_732
Generating data_batch_733
Generating data_batch_734
Generating data_batch_735
Generating data_batch_736
Generating data_batch_737
Generating data_batch_738
Generating data_batch_739
Generating data_batch_740
Generating data_batch_741
Generating data_batch_742
Generating data_batch_743
Generating data_batch_744
Generating data_batch_745
Generating data_batch_746
Generating data_batch_747
Generating data_batch_748
Taking mean of batch 748
Batch file backed_up
Generating data_batch_749
Generating data_batch_750
Generating data_batch_751
Generating data_batch_752
Generating data_batch_753
Generating data_batch_754
Generating data_batch_755
Generating data_batch_756
Generating data_batch_757
Generating data_batch_758
Generating data_batch_759
Generating data_batch_760
Generating data_batch_761
Generating data_batch_762
Generating data_batch_763
Generating data_batch_764
Generating data_batch_765
Generating data_batch_766
Generating data_batch_767
Generating data_batch_768
Generating data_batch_769
Generating data_batch_770
Generating data_batch_771
Generating data_batch_772
Generating data_batch_773
Generating data_batch_774
Generating data_batch_775
Generating data_batch_776
Generating data_batch_777
Generating data_batch_778
Generating data_batch_779
Generating data_batch_780
Generating data_batch_781
Generating data_batch_782
Generating data_batch_783
Generating data_batch_784
Generating data_batch_785
Generating data_batch_786
Generating data_batch_787
Generating data_batch_788
Generating data_batch_789
Generating data_batch_790
Generating data_batch_791
Generating data_batch_792
Taking mean of batch 792
Batch file backed_up
Generating data_batch_793
Generating data_batch_794
Generating data_batch_795
Generating data_batch_796
Generating data_batch_797
Generating data_batch_798
Generating data_batch_799
Generating data_batch_800
Generating data_batch_801
Generating data_batch_802
Generating data_batch_803
Generating data_batch_804
Generating data_batch_805
Generating data_batch_806
Generating data_batch_807
Generating data_batch_808
Generating data_batch_809
Generating data_batch_810
Generating data_batch_811
Generating data_batch_812
Generating data_batch_813
Generating data_batch_814
Generating data_batch_815
Generating data_batch_816
Generating data_batch_817
Generating data_batch_818
Generating data_batch_819
Generating data_batch_820
Generating data_batch_821
Generating data_batch_822
Generating data_batch_823
Generating data_batch_824
Generating data_batch_825
Generating data_batch_826
Generating data_batch_827
Generating data_batch_828
Generating data_batch_829
Generating data_batch_830
Generating data_batch_831
Generating data_batch_832
Generating data_batch_833
Generating data_batch_834
Generating data_batch_835
Generating data_batch_836
Taking mean of batch 836
Batch file backed_up
Generating data_batch_837
Generating data_batch_838
Generating data_batch_839
Generating data_batch_840
Generating data_batch_841
Generating data_batch_842
Generating data_batch_843
Generating data_batch_844
Generating data_batch_845
Generating data_batch_846
Generating data_batch_847
Generating data_batch_848
Generating data_batch_849
Generating data_batch_850
Generating data_batch_851
Generating data_batch_852
Generating data_batch_853
Generating data_batch_854
Generating data_batch_855
Generating data_batch_856
Generating data_batch_857
Generating data_batch_858
Generating data_batch_859
Generating data_batch_860
Generating data_batch_861
Generating data_batch_862
Generating data_batch_863
Generating data_batch_864
Generating data_batch_865
Generating data_batch_866
Generating data_batch_867
Generating data_batch_868
Generating data_batch_869
Generating data_batch_870
Generating data_batch_871
Generating data_batch_872
Generating data_batch_873
Generating data_batch_874
Generating data_batch_875
Generating data_batch_876
Generating data_batch_877
Generating data_batch_878
Generating data_batch_879
Generating data_batch_880
Taking mean of batch 880
Batch file backed_up
Generating data_batch_881
Generating data_batch_882
Generating data_batch_883
Generating data_batch_884
Generating data_batch_885
Generating data_batch_886
Batch processing complete
