nohup: ignoring input
Taking mean every 2 batches
Generating data_batch_1
Generating data_batch_2
Taking mean of batch 2
Batch file backed_up
Generating data_batch_3
Generating data_batch_4
Taking mean of batch 4
Batch file backed_up
Generating data_batch_5
Generating data_batch_6
Taking mean of batch 6
Batch file backed_up
Generating data_batch_7
Generating data_batch_8
Taking mean of batch 8
Batch file backed_up
Generating data_batch_9
Generating data_batch_10
Taking mean of batch 10
Batch file backed_up
Generating data_batch_11
Generating data_batch_12
Taking mean of batch 12
Batch file backed_up
Generating data_batch_13
Generating data_batch_14
Taking mean of batch 14
Batch file backed_up
Generating data_batch_15
Generating data_batch_16
Taking mean of batch 16
Batch file backed_up
Generating data_batch_17
Generating data_batch_18
Taking mean of batch 18
Batch file backed_up
Generating data_batch_19
Generating data_batch_20
Taking mean of batch 20
Batch file backed_up
Generating data_batch_21
Generating data_batch_22
Taking mean of batch 22
Batch file backed_up
Generating data_batch_23
Generating data_batch_24
Taking mean of batch 24
Batch file backed_up
Generating data_batch_25
Generating data_batch_26
Taking mean of batch 26
Batch file backed_up
Generating data_batch_27
Generating data_batch_28
Taking mean of batch 28
Batch file backed_up
Generating data_batch_29
Generating data_batch_30
Taking mean of batch 30
Batch file backed_up
Generating data_batch_31
Generating data_batch_32
Taking mean of batch 32
Batch file backed_up
Generating data_batch_33
Generating data_batch_34
Taking mean of batch 34
Batch file backed_up
Generating data_batch_35
Generating data_batch_36
Taking mean of batch 36
Batch file backed_up
Generating data_batch_37
Generating data_batch_38
Taking mean of batch 38
Batch file backed_up
Generating data_batch_39
Generating data_batch_40
Taking mean of batch 40
Batch file backed_up
Generating data_batch_41
Generating data_batch_42
Taking mean of batch 42
Batch file backed_up
Generating data_batch_43
Generating data_batch_44
Taking mean of batch 44
Batch file backed_up
Generating data_batch_45
Batch processing complete
nohup: ignoring input
Taking mean every 0 batches
Generating data_batch_1
Taking mean of batch 1
Batch file backed_up
Generating data_batch_2
Taking mean of batch 2
Batch file backed_up
Generating data_batch_3
Taking mean of batch 3
Batch file backed_up
Generating data_batch_4
Taking mean of batch 4
Batch file backed_up
Generating data_batch_5
Taking mean of batch 5
Batch file backed_up
Generating data_batch_6
Taking mean of batch 6
Batch file backed_up
Batch processing complete
