Initialized data layer 'data', producing 196608 outputs
Initialized data layer 'labels', producing 1 outputs
Initialized convolutional layer 'conv1', producing 63x63 48-channel output
Initialized max-pooling layer 'pool1', producing 31x31 48-channel output
Initialized cross-map response-normalization layer 'rnorm1', producing 31x31 48-channel output
Initialized convolutional layer 'conv2', producing 31x31 128-channel output
Initialized max-pooling layer 'pool2', producing 15x15 128-channel output
Initialized cross-map response-normalization layer 'rnorm2', producing 15x15 128-channel output
Initialized convolutional layer 'conv3', producing 15x15 192-channel output
Initialized convolutional layer 'conv4', producing 15x15 192-channel output
Initialized convolutional layer 'conv5', producing 15x15 128-channel output
Initialized max-pooling layer 'pool5', producing 7x7 128-channel output
Initialized fully-connected layer 'fc6', producing 4096 outputs
Initialized fully-connected layer 'fc7', producing 4096 outputs
Initialized fully-connected layer 'fc8', producing 2 outputs
Initialized softmax layer 'probs', producing 2 outputs
Initialized logistic regression cost 'logprob'
Initialized neuron layer 'conv1_neuron', producing 190512 outputs
Initialized neuron layer 'conv2_neuron', producing 123008 outputs
Initialized neuron layer 'conv3_neuron', producing 43200 outputs
Initialized neuron layer 'conv4_neuron', producing 43200 outputs
Initialized neuron layer 'conv5_neuron', producing 28800 outputs
Initialized neuron layer 'fc6_neuron', producing 4096 outputs
Initialized neuron layer 'fc7_neuron', producing 4096 outputs
=========================
Importing _ConvNet C++ module
=========================
Training ConvNet
Always write savepoints, regardless of test err improvement: 0     [DEFAULT]
Check gradients and quit?                                  : 0     [DEFAULT]
Compress checkpoints?                                      : 0     [DEFAULT]
Conserve GPU memory (slower)?                              : 0     [DEFAULT]
Convert given conv layers to unshared local                :       
Cropped DP: crop border size                               : 4     [DEFAULT]
Cropped DP: logreg layer name (for --multiview-test)       :       [DEFAULT]
Cropped DP: test on multiple patches?                      : 0     [DEFAULT]
Cropped Step: crop border step                             : 1     [DEFAULT]
Data batch range: testing                                  : 35-40 
Data batch range: training                                 : 1-34  
Data path                                                  : /data/ad6813/pipe-data/Bluebox/batches/clamp_detection 
Data provider                                              : basic-leaf256 
GPU override                                               : -1    [DEFAULT]
Layer definition file                                      : /homes/ad6813/Git/pipe-classification/models/clamp_detection/solve_imbalance/clean_try/net_2_graphic09/layers.cfg 
Layer parameter file                                       : /homes/ad6813/Git/pipe-classification/models/clamp_detection/solve_imbalance/clean_try/net_2_graphic09/params.cfg 
Load file                                                  :       [DEFAULT]
Maximum save file size (MB)                                : 0     [DEFAULT]
Minibatch size                                             : 128   [DEFAULT]
Number of GPUs                                             : 1     [DEFAULT]
Number of epochs                                           : 50000 [DEFAULT]
Save path                                                  : /data/ad6813/my-nets/saves 
Test and quit?                                             : 0     [DEFAULT]
Test on more than one batch at a time?                     : -1    
Test on one batch at a time?                               : 0     
Testing frequency                                          : 17    
Unshare weight matrices in given layers                    :       
=========================
Running on CUDA device(s) -2
Current time: Fri Jun 27 05:12:30 2014
Saving checkpoints to /data/ad6813/my-nets/saves/ConvNet__2014-06-27_05.12.25
=========================
1.1... logprob:  0.699089, 0.539062 (0.657 sec)
1.2... logprob:  0.690142, 0.398438 (0.652 sec)
1.3... logprob:  0.730505, 0.539062 (0.652 sec)
1.4... logprob:  1.002071, 0.531250 (0.653 sec)
1.5... logprob:  1.979286, 0.593750 (0.653 sec)
1.6... logprob:  1.801059, 0.414062 (0.653 sec)
1.7... logprob:  0.896478, 0.546875 (0.652 sec)
1.8... logprob:  1.529839, 0.500000 (0.652 sec)
1.9... logprob:  1.901963, 0.593750 (0.653 sec)
1.10... logprob:  1.761635, 0.406250 (0.653 sec)
1.11... logprob:  0.845293, 0.539062 (0.652 sec)
1.12... logprob:  1.178768, 0.429688 (0.652 sec)
1.13... logprob:  1.110877, 0.453125 (0.653 sec)
1.14... logprob:  1.219684, 0.453125 (0.653 sec)
1.15... logprob:  1.635315, 0.617188 (0.652 sec)
1.16... logprob:  2.135372, 0.453125 (0.653 sec)
1.17... logprob:  0.899087, 0.531250 (0.652 sec)
=========================
Testing all batches

======================Test output======================
logprob:  1.436746, 0.500000 
------------------------------------------------------- 
Layer 'conv1' weights[0]: 7.979722e-03 [9.760720e-10] 
Layer 'conv1' biases: 8.958290e-10 [4.327216e-11] 
Layer 'conv2' weights[0]: 7.966638e-03 [1.547672e-09] 
Layer 'conv2' biases: 1.000000e+00 [2.716564e-10] 
Layer 'conv3' weights[0]: 7.965016e-03 [1.644662e-09] 
Layer 'conv3' biases: 2.235939e-08 [9.450898e-10] 
Layer 'conv4' weights[0]: 7.997502e-03 [2.136738e-09] 
Layer 'conv4' biases: 1.000000e+00 [1.026211e-08] 
Layer 'conv5' weights[0]: 7.996430e-03 [5.988648e-08] 
Layer 'conv5' biases: 9.999991e-01 [6.300331e-08] 
Layer 'fc6' weights[0]: 7.593272e-03 [1.072678e-08] 
Layer 'fc6' biases: 1.000000e+00 [1.103047e-08] 
Layer 'fc7' weights[0]: 7.854274e-03 [1.858482e-07] 
Layer 'fc7' biases: 9.999999e-01 [1.821747e-07] 
Layer 'fc8' weights[0]: 5.195041e-04 [3.070078e-04] 
Layer 'fc8' biases: 2.157050e-04 [2.987708e-04] 
Train error last 34 batches: 1.295086
-------------------------------------------------------
Saved checkpoint to /data/ad6813/my-nets/saves/ConvNet__2014-06-27_05.12.25
======================================================= (5.193 sec)
1.18... logprob:  1.243405, 0.429688 (0.648 sec)
1.19... logprob:  1.307709, 0.562500 (0.649 sec)
1.20... logprob:  1.744544, 0.445312 (0.650 sec)
1.21... logprob:  1.140401, 0.570312 (0.650 sec)
1.22... logprob:  1.662109, 0.437500 (0.651 sec)
1.23... logprob:  1.163094, 0.593750 (0.651 sec)
1.24... logprob:  1.797487, 0.445312 (0.651 sec)
1.25... logprob:  1.079477, 0.570312 (0.651 sec)
1.26... logprob:  1.619454, 0.445312 (0.650 sec)
1.27... logprob:  1.164307, 0.554688 (0.651 sec)
1.28... logprob:  1.438340, 0.398438 (0.650 sec)
1.29... logprob:  1.004404, 0.609375 (0.650 sec)
1.30... logprob:  1.606895, 0.429688 (0.651 sec)
1.31... logprob:  1.025575, 0.546875 (0.650 sec)
1.32... logprob:  1.525067, 0.468750 (0.651 sec)
1.33... logprob:  1.316385, 0.531250 (0.652 sec)
1.34... logprob:  1.478789, 0.437500 (0.650 sec)
=========================
Testing all batches

======================Test output======================
logprob:  1.053725, 0.500000 
------------------------------------------------------- 
Layer 'conv1' weights[0]: 7.979716e-03 [2.631706e-09] 
Layer 'conv1' biases: 1.895998e-09 [7.164945e-11] 
Layer 'conv2' weights[0]: 7.966632e-03 [3.104850e-09] 
Layer 'conv2' biases: 1.000000e+00 [5.870719e-10] 
Layer 'conv3' weights[0]: 7.965009e-03 [3.028605e-09] 
Layer 'conv3' biases: 4.753746e-08 [1.907788e-09] 
Layer 'conv4' weights[0]: 7.997489e-03 [3.922252e-09] 
Layer 'conv4' biases: 1.000000e+00 [2.172774e-08] 
Layer 'conv5' weights[0]: 7.996396e-03 [1.360835e-07] 
Layer 'conv5' biases: 9.999964e-01 [1.456011e-07] 
Layer 'fc6' weights[0]: 7.593265e-03 [1.900374e-08] 
Layer 'fc6' biases: 1.000000e+00 [1.915376e-08] 
Layer 'fc7' weights[0]: 7.854133e-03 [3.075311e-07] 
Layer 'fc7' biases: 9.999996e-01 [3.019370e-07] 
Layer 'fc8' weights[0]: 4.905373e-04 [4.049836e-04] 
Layer 'fc8' biases: 1.350245e-04 [4.018310e-04] 
Train error last 34 batches: 1.333350
-------------------------------------------------------
Saved checkpoint to /data/ad6813/my-nets/saves/ConvNet__2014-06-27_05.12.25
======================================================= (5.197 sec)
2.1... logprob:  1.124120, 0.539062 (0.652 sec)
2.2... logprob:  1.324652, 0.398438 (0.652 sec)
2.3... logprob:  0.949861, 0.539062 (0.652 sec)
2.4... logprob:  1.556730, 0.531250 (0.651 sec)
2.5...