This is pdfTeX, Version 3.1415926-2.5-1.40.14 (TeX Live 2013/Debian) (format=pdflatex 2014.5.13)  5 JUN 2014 18:59
entering extended mode
 restricted \write18 enabled.
 %&-line parsing enabled.
**report3.tex
(./report3.tex
LaTeX2e <2011/06/27>
Babel <3.9h> and hyphenation patterns for 4 languages loaded.
(/usr/share/texlive/texmf-dist/tex/latex/base/article.cls
Document Class: article 2007/10/19 v1.4h Standard LaTeX document class
(/usr/share/texlive/texmf-dist/tex/latex/base/size11.clo
File: size11.clo 2007/10/19 v1.4h Standard LaTeX file (size option)
)
\c@part=\count79
\c@section=\count80
\c@subsection=\count81
\c@subsubsection=\count82
\c@paragraph=\count83
\c@subparagraph=\count84
\c@figure=\count85
\c@table=\count86
\abovecaptionskip=\skip41
\belowcaptionskip=\skip42
\bibindent=\dimen102
)
(/usr/share/texlive/texmf-dist/tex/latex/geometry/geometry.sty
Package: geometry 2010/09/12 v5.6 Page Geometry

(/usr/share/texlive/texmf-dist/tex/latex/graphics/keyval.sty
Package: keyval 1999/03/16 v1.13 key=value parser (DPC)
\KV@toks@=\toks14
)
(/usr/share/texlive/texmf-dist/tex/generic/oberdiek/ifpdf.sty
Package: ifpdf 2011/01/30 v2.3 Provides the ifpdf switch (HO)
Package ifpdf Info: pdfTeX in PDF mode is detected.
)
(/usr/share/texlive/texmf-dist/tex/generic/oberdiek/ifvtex.sty
Package: ifvtex 2010/03/01 v1.5 Detect VTeX and its facilities (HO)
Package ifvtex Info: VTeX not detected.
)
(/usr/share/texlive/texmf-dist/tex/generic/ifxetex/ifxetex.sty
Package: ifxetex 2010/09/12 v0.6 Provides ifxetex conditional
)
\Gm@cnth=\count87
\Gm@cntv=\count88
\c@Gm@tempcnt=\count89
\Gm@bindingoffset=\dimen103
\Gm@wd@mp=\dimen104
\Gm@odd@mp=\dimen105
\Gm@even@mp=\dimen106
\Gm@layoutwidth=\dimen107
\Gm@layoutheight=\dimen108
\Gm@layouthoffset=\dimen109
\Gm@layoutvoffset=\dimen110
\Gm@dimlist=\toks15
)
(/usr/share/texlive/texmf-dist/tex/latex/graphics/graphicx.sty
Package: graphicx 1999/02/16 v1.0f Enhanced LaTeX Graphics (DPC,SPQR)

(/usr/share/texlive/texmf-dist/tex/latex/graphics/graphics.sty
Package: graphics 2009/02/05 v1.0o Standard LaTeX Graphics (DPC,SPQR)

(/usr/share/texlive/texmf-dist/tex/latex/graphics/trig.sty
Package: trig 1999/03/16 v1.09 sin cos tan (DPC)
)
(/usr/share/texlive/texmf-dist/tex/latex/latexconfig/graphics.cfg
File: graphics.cfg 2010/04/23 v1.9 graphics configuration of TeX Live
)
Package graphics Info: Driver file: pdftex.def on input line 91.

(/usr/share/texlive/texmf-dist/tex/latex/pdftex-def/pdftex.def
File: pdftex.def 2011/05/27 v0.06d Graphics/color for pdfTeX

(/usr/share/texlive/texmf-dist/tex/generic/oberdiek/infwarerr.sty
Package: infwarerr 2010/04/08 v1.3 Providing info/warning/error messages (HO)
)
(/usr/share/texlive/texmf-dist/tex/generic/oberdiek/ltxcmds.sty
Package: ltxcmds 2011/11/09 v1.22 LaTeX kernel commands for general use (HO)
)
\Gread@gobject=\count90
))
\Gin@req@height=\dimen111
\Gin@req@width=\dimen112
)
(/usr/share/texlive/texmf-dist/tex/latex/graphics/color.sty
Package: color 2005/11/14 v1.0j Standard LaTeX Color (DPC)

(/usr/share/texlive/texmf-dist/tex/latex/latexconfig/color.cfg
File: color.cfg 2007/01/18 v1.5 color configuration of teTeX/TeXLive
)
Package color Info: Driver file: pdftex.def on input line 130.
)
(/usr/share/texlive/texmf-dist/tex/latex/colortbl/colortbl.sty
Package: colortbl 2012/02/13 v1.0a Color table columns (DPC)

(/usr/share/texlive/texmf-dist/tex/latex/tools/array.sty
Package: array 2008/09/09 v2.4c Tabular extension package (FMi)
\col@sep=\dimen113
\extrarowheight=\dimen114
\NC@list=\toks16
\extratabsurround=\skip43
\backup@length=\skip44
)
\everycr=\toks17
\minrowclearance=\skip45
)
(/usr/share/texlive/texmf-dist/tex/latex/cite/cite.sty
LaTeX Info: Redefining \cite on input line 302.
LaTeX Info: Redefining \nocite on input line 373.
Package: cite 2010/09/10  v 5.3
)
(/usr/share/texlive/texmf-dist/tex/latex/url/url.sty
\Urlmuskip=\muskip10
Package: url 2013/09/16  ver 3.4  Verb mode for urls, etc.
)
(/usr/share/texlive/texmf-dist/tex/latex/float/float.sty
Package: float 2001/11/08 v1.3d Float enhancements (AL)
\c@float@type=\count91
\float@exts=\toks18
\float@box=\box26
\@float@everytoks=\toks19
\@floatcapt=\box27
) (./arydshln.sty
Package: arydshln 2004/08/31 v1.71 
\dashlinedash=\dimen115
\dashlinegap=\dimen116
\adl@box=\box28
\adl@height=\dimen117
\adl@heightsave=\dimen118
\adl@depth=\dimen119
\adl@depthsave=\dimen120
\adl@finaldepth=\dimen121
\adl@columns=\count92
\adl@ncol=\count93
\adl@currentcolumn=\count94
\adl@currentcolumnsave=\count95
\adl@totalheight=\count96
\adl@totalheightsave=\count97
\adl@dash=\count98
\adl@gap=\count99
\adl@cla=\count100
\adl@clb=\count101
\adl@everyvbox=\toks20
\adl@LTpagetotal=\dimen122
)
(/usr/share/texlive/texmf-dist/tex/latex/pdfpages/pdfpages.sty
Package: pdfpages 2013/08/25 v0.4v Insert pages of external PDF documents (AM)

(/usr/share/texlive/texmf-dist/tex/latex/base/ifthen.sty
Package: ifthen 2001/05/26 v1.1c Standard LaTeX ifthen package (DPC)
)
(/usr/share/texlive/texmf-dist/tex/latex/tools/calc.sty
Package: calc 2007/08/22 v4.3 Infix arithmetic (KKT,FJ)
\calc@Acount=\count102
\calc@Bcount=\count103
\calc@Adimen=\dimen123
\calc@Bdimen=\dimen124
\calc@Askip=\skip46
\calc@Bskip=\skip47
LaTeX Info: Redefining \setlength on input line 76.
LaTeX Info: Redefining \addtolength on input line 77.
\calc@Ccount=\count104
\calc@Cskip=\skip48
)
(/usr/share/texlive/texmf-dist/tex/latex/eso-pic/eso-pic.sty
Package: eso-pic 2013/10/06 v2.0d eso-pic (RN)

(/usr/share/texlive/texmf-dist/tex/generic/oberdiek/atbegshi.sty
Package: atbegshi 2011/10/05 v1.16 At begin shipout hook (HO)
))
(/usr/share/texlive/texmf-dist/tex/latex/pdfpages/pppdftex.def
File: pppdftex.def 2013/08/25 v0.4v Pdfpages driver for pdfTeX (AM)
)
\AM@pagebox=\box29
\AM@toc@title=\toks21
\c@AM@survey=\count105
\AM@templatesizebox=\box30
)
(/usr/share/texlive/texmf-dist/tex/latex/csvsimple/csvsimple.sty
Package: csvsimple 2013/09/25 version 1.07 LaTeX CSV file processing

(/usr/share/texmf/tex/latex/pgf/utilities/pgfkeys.sty
(/usr/share/texmf/tex/generic/pgf/utilities/pgfkeys.code.tex
\pgfkeys@pathtoks=\toks22
\pgfkeys@temptoks=\toks23

(/usr/share/texmf/tex/generic/pgf/utilities/pgfkeysfiltered.code.tex
\pgfkeys@tmptoks=\toks24
)))
\csv@file=\read1
\c@csvinputline=\count106
\c@csvrow=\count107
\c@csvcol=\count108
)
(/usr/share/texlive/texmf-dist/tex/latex/listings/listings.sty
\lst@mode=\count109
\lst@gtempboxa=\box31
\lst@token=\toks25
\lst@length=\count110
\lst@currlwidth=\dimen125
\lst@column=\count111
\lst@pos=\count112
\lst@lostspace=\dimen126
\lst@width=\dimen127
\lst@newlines=\count113
\lst@lineno=\count114
\lst@maxwidth=\dimen128

(/usr/share/texlive/texmf-dist/tex/latex/listings/lstmisc.sty
File: lstmisc.sty 2013/08/26 1.5b (Carsten Heinz)
\c@lstnumber=\count115
\lst@skipnumbers=\count116
\lst@framebox=\box32
)
(/usr/share/texlive/texmf-dist/tex/latex/listings/listings.cfg
File: listings.cfg 2013/08/26 1.5b listings configuration
))
Package: listings 2013/08/26 1.5b (Carsten Heinz)

(./algpseudocode.sty
Package: algpseudocode 
 (./algorithmicx.sty
Package: algorithmicx 2005/04/27 v1.2 Algorithmicx

Document Style algorithmicx 1.2 - a greatly improved `algorithmic' style
\c@ALG@line=\count117
\c@ALG@rem=\count118
\c@ALG@nested=\count119
\ALG@tlm=\skip49
\ALG@thistlm=\skip50
\c@ALG@Lnr=\count120
\c@ALG@blocknr=\count121
\c@ALG@storecount=\count122
\c@ALG@tmpcounter=\count123
\ALG@tmplength=\skip51
)
Document Style - pseudocode environments for use with the `algorithmicx' style
) (/usr/share/texlive/texmf-dist/tex/latex/tools/longtable.sty
Package: longtable 2004/02/01 v4.11 Multi-page Table package (DPC)
\LTleft=\skip52
\LTright=\skip53
\LTpre=\skip54
\LTpost=\skip55
\LTchunksize=\count124
\LTcapwidth=\dimen129
\LT@head=\box33
\LT@firsthead=\box34
\LT@foot=\box35
\LT@lastfoot=\box36
\LT@cols=\count125
\LT@rows=\count126
\c@LT@tables=\count127
\c@LT@chunks=\count128
\LT@p@ftn=\toks26
)
(/usr/share/texlive/texmf-dist/tex/latex/oberdiek/pdflscape.sty
Package: pdflscape 2008/08/11 v0.10 Display of landscape pages in PDF (HO)

(/usr/share/texlive/texmf-dist/tex/latex/graphics/lscape.sty
Package: lscape 2000/10/22 v3.01 Landscape Pages (DPC)
)
Package pdflscape Info: Auto-detected driver: pdftex on input line 80.
)
(/usr/share/texlive/texmf-dist/tex/latex/fancyhdr/fancyhdr.sty
\fancy@headwidth=\skip56
\f@ncyO@elh=\skip57
\f@ncyO@erh=\skip58
\f@ncyO@olh=\skip59
\f@ncyO@orh=\skip60
\f@ncyO@elf=\skip61
\f@ncyO@erf=\skip62
\f@ncyO@olf=\skip63
\f@ncyO@orf=\skip64
) (./report3.aux)
\openout1 = `report3.aux'.

LaTeX Font Info:    Checking defaults for OML/cmm/m/it on input line 34.
LaTeX Font Info:    ... okay on input line 34.
LaTeX Font Info:    Checking defaults for T1/cmr/m/n on input line 34.
LaTeX Font Info:    ... okay on input line 34.
LaTeX Font Info:    Checking defaults for OT1/cmr/m/n on input line 34.
LaTeX Font Info:    ... okay on input line 34.
LaTeX Font Info:    Checking defaults for OMS/cmsy/m/n on input line 34.
LaTeX Font Info:    ... okay on input line 34.
LaTeX Font Info:    Checking defaults for OMX/cmex/m/n on input line 34.
LaTeX Font Info:    ... okay on input line 34.
LaTeX Font Info:    Checking defaults for U/cmr/m/n on input line 34.
LaTeX Font Info:    ... okay on input line 34.
*geometry* driver: auto-detecting
*geometry* detected driver: pdftex
*geometry* verbose mode - [ preamble ] result:
* driver: pdftex
* paper: a4paper
* layout: <same size as paper>
* layoutoffset:(h,v)=(0.0pt,0.0pt)
* modes: 
* h-part:(L,W,R)=(56.9055pt, 483.69687pt, 56.9055pt)
* v-part:(T,H,B)=(56.9055pt, 731.23584pt, 56.9055pt)
* \paperwidth=597.50787pt
* \paperheight=845.04684pt
* \textwidth=483.69687pt
* \textheight=731.23584pt
* \oddsidemargin=-15.36449pt
* \evensidemargin=-15.36449pt
* \topmargin=-52.36449pt
* \headheight=12.0pt
* \headsep=25.0pt
* \topskip=11.0pt
* \footskip=30.0pt
* \marginparwidth=50.0pt
* \marginparsep=10.0pt
* \columnsep=10.0pt
* \skip\footins=10.0pt plus 4.0pt minus 2.0pt
* \hoffset=0.0pt
* \voffset=0.0pt
* \mag=1000
* \@twocolumnfalse
* \@twosidefalse
* \@mparswitchfalse
* \@reversemarginfalse
* (1in=72.27pt=25.4mm, 1cm=28.453pt)

(/usr/share/texlive/texmf-dist/tex/context/base/supp-pdf.mkii
[Loading MPS to PDF converter (version 2006.09.02).]
\scratchcounter=\count129
\scratchdimen=\dimen130
\scratchbox=\box37
\nofMPsegments=\count130
\nofMParguments=\count131
\everyMPshowfont=\toks27
\MPscratchCnt=\count132
\MPscratchDim=\dimen131
\MPnumerator=\count133
\makeMPintoPDFobject=\count134
\everyMPtoPDFconversion=\toks28
) (/usr/share/texlive/texmf-dist/tex/generic/oberdiek/pdftexcmds.sty
Package: pdftexcmds 2011/11/29 v0.20 Utility functions of pdfTeX for LuaTeX (HO
)

(/usr/share/texlive/texmf-dist/tex/generic/oberdiek/ifluatex.sty
Package: ifluatex 2010/03/01 v1.3 Provides the ifluatex switch (HO)
Package ifluatex Info: LuaTeX not detected.
)
Package pdftexcmds Info: LuaTeX not detected.
Package pdftexcmds Info: \pdf@primitive is available.
Package pdftexcmds Info: \pdf@ifprimitive is available.
Package pdftexcmds Info: \pdfdraftmode found.
)
(/usr/share/texlive/texmf-dist/tex/latex/oberdiek/epstopdf-base.sty
Package: epstopdf-base 2010/02/09 v2.5 Base part for package epstopdf

(/usr/share/texlive/texmf-dist/tex/latex/oberdiek/grfext.sty
Package: grfext 2010/08/19 v1.1 Manage graphics extensions (HO)

(/usr/share/texlive/texmf-dist/tex/generic/oberdiek/kvdefinekeys.sty
Package: kvdefinekeys 2011/04/07 v1.3 Define keys (HO)
))
(/usr/share/texlive/texmf-dist/tex/latex/oberdiek/kvoptions.sty
Package: kvoptions 2011/06/30 v3.11 Key value format for package options (HO)

(/usr/share/texlive/texmf-dist/tex/generic/oberdiek/kvsetkeys.sty
Package: kvsetkeys 2012/04/25 v1.16 Key value parser (HO)

(/usr/share/texlive/texmf-dist/tex/generic/oberdiek/etexcmds.sty
Package: etexcmds 2011/02/16 v1.5 Avoid name clashes with e-TeX commands (HO)
Package etexcmds Info: Could not find \expanded.
(etexcmds)             That can mean that you are not using pdfTeX 1.50 or
(etexcmds)             that some package has redefined \expanded.
(etexcmds)             In the latter case, load this package earlier.
)))
Package grfext Info: Graphics extension search list:
(grfext)             [.png,.pdf,.jpg,.mps,.jpeg,.jbig2,.jb2,.PNG,.PDF,.JPG,.JPE
G,.JBIG2,.JB2,.eps]
(grfext)             \AppendGraphicsExtensions on input line 452.

(/usr/share/texlive/texmf-dist/tex/latex/latexconfig/epstopdf-sys.cfg
File: epstopdf-sys.cfg 2010/07/13 v1.3 Configuration of (r)epstopdf for TeX Liv
e
))
\AtBeginShipoutBox=\box38
\c@lstlisting=\count135
LaTeX Font Info:    External font `cmex10' loaded for size
(Font)              <12> on input line 36.
LaTeX Font Info:    External font `cmex10' loaded for size
(Font)              <8> on input line 36.
LaTeX Font Info:    External font `cmex10' loaded for size
(Font)              <6> on input line 36.
LaTeX Font Info:    Try loading font information for OMS+cmr on input line 36.

(/usr/share/texlive/texmf-dist/tex/latex/base/omscmr.fd
File: omscmr.fd 1999/05/25 v2.5h Standard LaTeX font definitions
)
LaTeX Font Info:    Font shape `OMS/cmr/m/n' in size <12> not available
(Font)              Font shape `OMS/cmsy/m/n' tried instead on input line 36.


Package Fancyhdr Warning: \headheight is too small (12.0pt): 
 Make it at least 13.59999pt.
 We now make it that large for the rest of the document.
 This may cause the page layout to be inconsistent, however.

[1

{/var/lib/texmf/fonts/map/pdftex/updmap/pdftex.map}] (./report3.toc
LaTeX Font Info:    External font `cmex10' loaded for size
(Font)              <7> on input line 3.
LaTeX Font Info:    External font `cmex10' loaded for size
(Font)              <5> on input line 3.


Package Fancyhdr Warning: \headheight is too small (12.0pt): 
 Make it at least 13.59999pt.
 We now make it that large for the rest of the document.
 This may cause the page layout to be inconsistent, however.

[2

])
\tf@toc=\write3
\openout3 = `report3.toc'.



Package Fancyhdr Warning: \headheight is too small (12.0pt): 
 Make it at least 13.59999pt.
 We now make it that large for the rest of the document.
 This may cause the page layout to be inconsistent, however.

[3]
LaTeX Font Info:    Font shape `OMS/cmr/m/n' in size <10> not available
(Font)              Font shape `OMS/cmsy/m/n' tried instead on input line 53.


Package Fancyhdr Warning: \headheight is too small (12.0pt): 
 Make it at least 13.59999pt.
 We now make it that large for the rest of the document.
 This may cause the page layout to be inconsistent, however.

[4

] <images/plantclassgoalcapture.png, id=21, 2410.41705pt x 1448.94264pt>
File: images/plantclassgoalcapture.png Graphic file (type png)

<use images/plantclassgoalcapture.png>
Package pdftex.def Info: images/plantclassgoalcapture.png used on input line 83
.
(pdftex.def)             Requested size: 469.47046pt x 282.19998pt.

Underfull \hbox (badness 10000) in paragraph at lines 92--93

 []


Package Fancyhdr Warning: \headheight is too small (12.0pt): 
 Make it at least 13.59999pt.
 We now make it that large for the rest of the document.
 This may cause the page layout to be inconsistent, however.

[5

 <./images/plantclassgoalcapture.png>]
Overfull \hbox (13.11705pt too wide) in paragraph at lines 99--115
 [][] 
 []


Overfull \hbox (13.11705pt too wide) in paragraph at lines 123--138
 [][] 
 []


Overfull \hbox (13.11705pt too wide) in paragraph at lines 145--167
 [][] 
 []


Package Fancyhdr Warning: \headheight is too small (12.0pt): 
 Make it at least 13.59999pt.
 We now make it that large for the rest of the document.
 This may cause the page layout to be inconsistent, however.

[6]

Package Fancyhdr Warning: \headheight is too small (12.0pt): 
 Make it at least 13.59999pt.
 We now make it that large for the rest of the document.
 This may cause the page layout to be inconsistent, however.

[7]

Package Fancyhdr Warning: \headheight is too small (12.0pt): 
 Make it at least 13.59999pt.
 We now make it that large for the rest of the document.
 This may cause the page layout to be inconsistent, however.

[8

] <SystemContextDiagram.png, id=36, 1099.63765pt x 490.30235pt>
File: SystemContextDiagram.png Graphic file (type png)

<use SystemContextDiagram.png>
Package pdftex.def Info: SystemContextDiagram.png used on input line 233.
(pdftex.def)             Requested size: 483.69687pt x 215.66637pt.


Package Fancyhdr Warning: \headheight is too small (12.0pt): 
 Make it at least 13.59999pt.
 We now make it that large for the rest of the document.
 This may cause the page layout to be inconsistent, however.

[9

 <./SystemContextDiagram.png>]
<images/BeLeaf3.png, id=40, 818.05624pt x 1498.59875pt>
File: images/BeLeaf3.png Graphic file (type png)

<use images/BeLeaf3.png>
Package pdftex.def Info: images/BeLeaf3.png used on input line 248.
(pdftex.def)             Requested size: 91.90358pt x 168.34499pt.

<images/BeLeaf2.png, id=41, 824.07875pt x 1498.59875pt>
File: images/BeLeaf2.png Graphic file (type png)

<use images/BeLeaf2.png>
Package pdftex.def Info: images/BeLeaf2.png used on input line 249.
(pdftex.def)             Requested size: 91.90358pt x 167.11018pt.

<images/BeLeaf4.png, id=42, 824.07875pt x 1498.59875pt>
File: images/BeLeaf4.png Graphic file (type png)

<use images/BeLeaf4.png>
Package pdftex.def Info: images/BeLeaf4.png used on input line 250.
(pdftex.def)             Requested size: 91.90358pt x 167.11018pt.

<images/prototypeScreenShot1.png, id=43, 400.49625pt x 749.80125pt>
File: images/prototypeScreenShot1.png Graphic file (type png)

<use images/prototypeScreenShot1.png>
Package pdftex.def Info: images/prototypeScreenShot1.png used on input line 251
.
(pdftex.def)             Requested size: 91.90358pt x 172.05022pt.

<images/prototypeScreenShot2.png, id=45, 400.49625pt x 749.80125pt>
File: images/prototypeScreenShot2.png Graphic file (type png)

<use images/prototypeScreenShot2.png>
Package pdftex.def Info: images/prototypeScreenShot2.png used on input line 252
.
(pdftex.def)             Requested size: 91.90358pt x 172.05022pt.

<images/prototypeScreenShot3.png, id=46, 400.49625pt x 749.80125pt>
File: images/prototypeScreenShot3.png Graphic file (type png)

<use images/prototypeScreenShot3.png>
Package pdftex.def Info: images/prototypeScreenShot3.png used on input line 253
.
(pdftex.def)             Requested size: 91.90358pt x 172.05022pt.

<images/release_1.png, id=47, 451.6875pt x 803.0pt>
File: images/release_1.png Graphic file (type png)
 <use images/release_1.png>
Package pdftex.def Info: images/release_1.png used on input line 254.
(pdftex.def)             Requested size: 106.4139pt x 189.18288pt.

<images/release_2.png, id=48, 451.6875pt x 803.0pt>
File: images/release_2.png Graphic file (type png)
 <use images/release_2.png>
Package pdftex.def Info: images/release_2.png used on input line 255.
(pdftex.def)             Requested size: 106.4139pt x 189.18288pt.

<images/release_3.png, id=49, 451.6875pt x 803.0pt>
File: images/release_3.png Graphic file (type png)
 <use images/release_3.png>
Package pdftex.def Info: images/release_3.png used on input line 256.
(pdftex.def)             Requested size: 106.4139pt x 189.18288pt.


Package Fancyhdr Warning: \headheight is too small (12.0pt): 
 Make it at least 13.59999pt.
 We now make it that large for the rest of the document.
 This may cause the page layout to be inconsistent, however.

[10

 <./images/BeLeaf3.png> <./images/BeLeaf2.png> <./images/BeLeaf4.png> <./images
/prototypeScreenShot1.png> <./images/prototypeScreenShot2.png> <./images/protot
ypeScreenShot3.png> <./images/release_1.png> <./images/release_2.png> <./images
/release_3.png>]
Underfull \hbox (badness 10000) in paragraph at lines 267--272

 []


Underfull \hbox (badness 10000) in paragraph at lines 267--272

 []


Package Fancyhdr Warning: \headheight is too small (12.0pt): 
 Make it at least 13.59999pt.
 We now make it that large for the rest of the document.
 This may cause the page layout to be inconsistent, however.

[11

]
Missing character: There is no ‚ in font cmr10!
Missing character: There is no Ä in font cmr10!
Missing character: There is no ú in font cmr10!
Missing character: There is no ‚ in font cmr10!
Missing character: There is no Ä in font cmr10!
Missing character: There is no ù in font cmr10!
Missing character: There is no ‚ in font cmr10!
Missing character: There is no Ä in font cmr10!
Missing character: There is no ô in font cmr10!
 <images/VelocityTrend.png, id=62, 580.1675pt x 393.47pt>
File: images/VelocityTrend.png Graphic file (type png)

<use images/VelocityTrend.png>
Package pdftex.def Info: images/VelocityTrend.png used on input line 337.
(pdftex.def)             Requested size: 386.95897pt x 262.43475pt.

<images/GitCommits.png, id=63, 1251.67625pt x 540.0175pt>
File: images/GitCommits.png Graphic file (type png)

<use images/GitCommits.png>
Package pdftex.def Info: images/GitCommits.png used on input line 339.
(pdftex.def)             Requested size: 386.95897pt x 166.94225pt.


Package Fancyhdr Warning: \headheight is too small (12.0pt): 
 Make it at least 13.59999pt.
 We now make it that large for the rest of the document.
 This may cause the page layout to be inconsistent, however.

[12]

Package Fancyhdr Warning: \headheight is too small (12.0pt): 
 Make it at least 13.59999pt.
 We now make it that large for the rest of the document.
 This may cause the page layout to be inconsistent, however.

[13 <./images/VelocityTrend.png> <./images/GitCommits.png>]
LaTeX Font Info:    External font `cmex10' loaded for size
(Font)              <10.95> on input line 359.


Package Fancyhdr Warning: \headheight is too small (12.0pt): 
 Make it at least 13.59999pt.
 We now make it that large for the rest of the document.
 This may cause the page layout to be inconsistent, however.

[14

]

Package Fancyhdr Warning: \headheight is too small (12.0pt): 
 Make it at least 13.59999pt.
 We now make it that large for the rest of the document.
 This may cause the page layout to be inconsistent, however.

[15

]

Package Fancyhdr Warning: \headheight is too small (12.0pt): 
 Make it at least 13.59999pt.
 We now make it that large for the rest of the document.
 This may cause the page layout to be inconsistent, however.

[16

]
Underfull \hbox (badness 10000) in paragraph at lines 474--476

 []


Underfull \hbox (badness 10000) in paragraph at lines 474--476

 []


Underfull \hbox (badness 10000) in paragraph at lines 478--480

 []


Underfull \hbox (badness 10000) in paragraph at lines 492--494

 []


Package Fancyhdr Warning: \headheight is too small (12.0pt): 
 Make it at least 13.59999pt.
 We now make it that large for the rest of the document.
 This may cause the page layout to be inconsistent, however.

[17

]
Underfull \hbox (badness 10000) in paragraph at lines 499--500

 []


Underfull \hbox (badness 10000) in paragraph at lines 501--503

 []


Underfull \hbox (badness 10000) in paragraph at lines 528--530

 []


Underfull \hbox (badness 10000) in paragraph at lines 528--530

 []


Underfull \hbox (badness 10000) in paragraph at lines 531--533

 []


Underfull \hbox (badness 10000) in paragraph at lines 538--540

 []


Package Fancyhdr Warning: \headheight is too small (12.0pt): 
 Make it at least 13.59999pt.
 We now make it that large for the rest of the document.
 This may cause the page layout to be inconsistent, however.

[18]
Underfull \hbox (badness 10000) in paragraph at lines 541--542

 []


Underfull \hbox (badness 10000) in paragraph at lines 543--545

 []

Missing character: There is no ‚ in font cmr10!
Missing character: There is no Ä in font cmr10!
Missing character: There is no ô in font cmr10!

Underfull \hbox (badness 10000) in paragraph at lines 546--547

 []


Package Fancyhdr Warning: \headheight is too small (12.0pt): 
 Make it at least 13.59999pt.
 We now make it that large for the rest of the document.
 This may cause the page layout to be inconsistent, however.

[19]
Underfull \hbox (badness 10000) in paragraph at lines 596--597

 []


Underfull \hbox (badness 10000) in paragraph at lines 599--601

 []

<filters.png, id=94, 471.9231pt x 113.4639pt>
File: filters.png Graphic file (type png)
 <use filters.png>
Package pdftex.def Info: filters.png used on input line 605.
(pdftex.def)             Requested size: 386.95897pt x 93.03752pt.


Package Fancyhdr Warning: \headheight is too small (12.0pt): 
 Make it at least 13.59999pt.
 We now make it that large for the rest of the document.
 This may cause the page layout to be inconsistent, however.

[20 <./filters.png>] <preds.png, id=99, 548.5293pt x 390.9807pt>
File: preds.png Graphic file (type png)

<use preds.png>
Package pdftex.def Info: preds.png used on input line 619.
(pdftex.def)             Requested size: 483.69687pt x 344.78593pt.

Underfull \hbox (badness 10000) in paragraph at lines 640--641

 []


Package Fancyhdr Warning: \headheight is too small (12.0pt): 
 Make it at least 13.59999pt.
 We now make it that large for the rest of the document.
 This may cause the page layout to be inconsistent, however.

[21 <./preds.png>]
Underfull \hbox (badness 10000) in paragraph at lines 658--659

 []


Underfull \hbox (badness 10000) in paragraph at lines 664--667

 []


Underfull \hbox (badness 10000) in paragraph at lines 671--673

 []


Package Fancyhdr Warning: \headheight is too small (12.0pt): 
 Make it at least 13.59999pt.
 We now make it that large for the rest of the document.
 This may cause the page layout to be inconsistent, however.

[22]

Package Fancyhdr Warning: \headheight is too small (12.0pt): 
 Make it at least 13.59999pt.
 We now make it that large for the rest of the document.
 This may cause the page layout to be inconsistent, however.

[23]
Missing character: There is no Ô in font cmti10!
Missing character: There is no ¨ in font cmti10!
Missing character: There is no Å in font cmti10!

Underfull \hbox (badness 10000) in paragraph at lines 733--736
\OT1/cmr/m/n/10 URL: $\OT1/cmtt/m/n/10 https : / / www . ibm . com / developerw
orks / webservices / library / ws-[]restful/$\OT1/cmr/m/n/10 ,
 []

Missing character: There is no ‚ in font cmti10!
Missing character: There is no Ä in font cmti10!
Missing character: There is no ô in font cmti10!

Underfull \hbox (badness 3049) in paragraph at lines 748--751
[]\OT1/cmr/m/n/10 CUDA Par-al-lel Com-put-ing \OT1/cmr/m/it/10 "CUDA is NVIDIAs
 par-al-lel com-put-ing ar-chi-tec-ture
 []


Underfull \hbox (badness 10000) in paragraph at lines 753--756
\OT1/cmtt/m/n/10 scientific-[]american-[]staff-[]picks-[]10-[]apps-[]for-[]smar
t-[]phone-[]tablet / ?page = 6$\OT1/cmr/m/n/10 ,
 []


Package Fancyhdr Warning: \headheight is too small (12.0pt): 
 Make it at least 13.59999pt.
 We now make it that large for the rest of the document.
 This may cause the page layout to be inconsistent, however.

[24

] <ml_coverage.png, id=113, 1149.29375pt x 411.5375pt>
File: ml_coverage.png Graphic file (type png)

<use ml_coverage.png>
Package pdftex.def Info: ml_coverage.png used on input line 808.
(pdftex.def)             Requested size: 338.58632pt x 121.23924pt.

<request_server_coverage.png, id=114, 1116.17pt x 331.2375pt>
File: request_server_coverage.png Graphic file (type png)

<use request_server_coverage.png>
Package pdftex.def Info: request_server_coverage.png used on input line 815.
(pdftex.def)             Requested size: 338.58632pt x 100.4789pt.

<worker_server_coverage.png, id=115, 1253.68375pt x 316.18124pt>
File: worker_server_coverage.png Graphic file (type png)

<use worker_server_coverage.png>
Package pdftex.def Info: worker_server_coverage.png used on input line 822.
(pdftex.def)             Requested size: 338.58632pt x 85.38937pt.

<images/ios_test_results.png, id=116, 258.9675pt x 796.9775pt>
File: images/ios_test_results.png Graphic file (type png)

<use images/ios_test_results.png>
Package pdftex.def Info: images/ios_test_results.png used on input line 829.
(pdftex.def)             Requested size: 145.11053pt x 446.5962pt.


Package Fancyhdr Warning: \headheight is too small (12.0pt): 
 Make it at least 13.59999pt.
 We now make it that large for the rest of the document.
 This may cause the page layout to be inconsistent, however.

[25

 <./ml_coverage.png> <./request_server_coverage.png (PNG copy)> <./worker_serve
r_coverage.png>]

Package Fancyhdr Warning: \headheight is too small (12.0pt): 
 Make it at least 13.59999pt.
 We now make it that large for the rest of the document.
 This may cause the page layout to be inconsistent, however.

[26 <./images/ios_test_results.png>]
! Undefined control sequence.
\adl@vlineL ...1}{#2}\xdef \adl@colsL {\adl@colsL 
                                                  \@elt {#3}{\number \@tempc...
l.847 ... p{3cm} | p{3cm} | p{3cm} | p{3cm} | } \\
                                                   \hline
The control sequence at the end of the top line
of your error message was never \def'ed. If you have
misspelled it (e.g., `\hobx'), type `I' and the correct
spelling (e.g., `I\hbox'). Otherwise just continue,
and I'll forget about whatever was undefined.

! Undefined control sequence.
\adl@vlineR ...hcolor }{\adl@gapcolor }\adl@colsR 
                                                  }
l.847 ... | p{3cm} | p{3cm} | p{3cm} | } \\ \hline
                                                  
The control sequence at the end of the top line
of your error message was never \def'ed. If you have
misspelled it (e.g., `\hobx'), type `I' and the correct
spelling (e.g., `I\hbox'). Otherwise just continue,
and I'll forget about whatever was undefined.

! Undefined control sequence.
\adl@@cr ...tempdima \xdef \adl@rowsL {\adl@rowsL 
                                                  (\adl@colsL /\number \adl@...
l.847 ... | p{3cm} | p{3cm} | p{3cm} | } \\ \hline
                                                  
The control sequence at the end of the top line
of your error message was never \def'ed. If you have
misspelled it (e.g., `\hobx'), type `I' and the correct
spelling (e.g., `I\hbox'). Otherwise just continue,
and I'll forget about whatever was undefined.

! Undefined control sequence.
\adl@@cr ...a );\fi }\xdef \adl@rowsR {\adl@rowsR 
                                                  (\adl@colsR /\number \adl@...
l.847 ... | p{3cm} | p{3cm} | p{3cm} | } \\ \hline
                                                  
The control sequence at the end of the top line
of your error message was never \def'ed. If you have
misspelled it (e.g., `\hobx'), type `I' and the correct
spelling (e.g., `I\hbox'). Otherwise just continue,
and I'll forget about whatever was undefined.


Underfull \hbox (badness 10000) in paragraph at lines 848--848
[]|\OT1/cmr/m/n/10 Week
 []


Underfull \hbox (badness 10000) in paragraph at lines 852--853
[]|\OT1/cmr/m/it/10 summary
 []


Underfull \hbox (badness 10000) in paragraph at lines 852--853
\OT1/cmr/m/it/10 of work
 []


Underfull \hbox (badness 10000) in paragraph at lines 853--854
[]|\OT1/cmr/m/n/10 Wrote startup
 []


Underfull \hbox (badness 10000) in paragraph at lines 853--854
\OT1/cmr/m/n/10 an en-vi-ron-ment
 []


Underfull \hbox (badness 10000) in paragraph at lines 853--854
\OT1/cmr/m/n/10 with all com-po-
 []


Underfull \hbox (badness 2469) in paragraph at lines 853--854
\OT1/cmr/m/n/10 parse mocha unit
 []


Underfull \hbox (badness 1320) in paragraph at lines 853--854
\OT1/cmr/m/n/10 test re-sults in an
 []


Underfull \hbox (badness 10000) in paragraph at lines 853--854
\OT1/cmr/m/n/10 Wrote a script
 []


Underfull \hbox (badness 4981) in paragraph at lines 853--854
\OT1/cmr/m/n/10 to con-vert im-age
 []


Underfull \hbox (badness 10000) in paragraph at lines 853--854
\OT1/cmr/m/n/10 meta-data from
 []


Underfull \hbox (badness 3525) in paragraph at lines 853--854
\OT1/cmr/m/n/10 xml to json and
 []


Underfull \hbox (badness 5359) in paragraph at lines 853--854
\OT1/cmr/m/n/10 pop-u-late a Mon-
 []


Underfull \hbox (badness 10000) in paragraph at lines 853--854
\OT1/cmr/m/n/10 goDB col-lec-tion.
 []


Underfull \hbox (badness 10000) in paragraph at lines 853--854
\OT1/cmr/m/n/10 soft-ware on VM
 []


Underfull \hbox (badness 4120) in paragraph at lines 854--855
\OT1/cmr/m/n/10 of neu-ral net to
 []


Underfull \hbox (badness 4981) in paragraph at lines 854--855
\OT1/cmr/m/n/10 make it op-er-a-ble
 []


Underfull \hbox (badness 5231) in paragraph at lines 854--855
\OT1/cmr/m/n/10 bers. Prac-ticed
 []


Underfull \hbox (badness 5189) in paragraph at lines 854--855
\OT1/cmr/m/n/10 on Plant-Clef im-
 []


Underfull \hbox (badness 10000) in paragraph at lines 855--856
[]|\OT1/cmr/m/n/10 Various pieces
 []


Underfull \hbox (badness 10000) in paragraph at lines 855--856
\OT1/cmr/m/n/10 of con-fig-u-ra-tion
 []


Underfull \hbox (badness 10000) in paragraph at lines 855--856
\OT1/cmr/m/n/10 on the server
 []


Underfull \hbox (badness 10000) in paragraph at lines 855--856
\OT1/cmr/m/n/10 (mon-goDB, per-
 []


Underfull \hbox (badness 1226) in paragraph at lines 855--856
\OT1/cmr/m/n/10 mented POST re-
 []


Underfull \hbox (badness 6300) in paragraph at lines 855--856
\OT1/cmr/m/n/10 quest re-quire-ment
 []


Underfull \hbox (badness 10000) in paragraph at lines 855--856
\OT1/cmr/m/n/10 on AppServer,
 []


Underfull \hbox (badness 10000) in paragraph at lines 855--856
\OT1/cmr/m/n/10 and linked to
 []


Underfull \hbox (badness 6625) in paragraph at lines 855--856
\OT1/cmr/m/n/10 Mon-goDB. Im-ple-
 []


Underfull \hbox (badness 1320) in paragraph at lines 855--856
\OT1/cmr/m/n/10 mented Con-fig-u-ra-
 []


Underfull \hbox (badness 10000) in paragraph at lines 856--857
[]|\OT1/cmr/m/n/10 Re-wrote iPhone
 []


Underfull \hbox (badness 4647) in paragraph at lines 856--857
\OT1/cmr/m/n/10 and con-trol flow.
 []


Underfull \hbox (badness 3219) in paragraph at lines 856--857
\OT1/cmr/m/n/10 tom cam-era view
 []


Underfull \hbox (badness 10000) in paragraph at lines 856--857
\OT1/cmr/m/n/10 with `seg-ment
 []


Underfull \hbox (badness 10000) in paragraph at lines 857--858
[]|\OT1/cmr/m/n/10 Created neu-ral
 []


Underfull \hbox (badness 10000) in paragraph at lines 857--858
\OT1/cmr/m/n/10 net-work us-ing
 []


Underfull \hbox (badness 6110) in paragraph at lines 857--858
\OT1/cmr/m/n/10 plant-clef data to
 []


Underfull \hbox (badness 10000) in paragraph at lines 857--858
\OT1/cmr/m/n/10 of a plant into
 []


Underfull \hbox (badness 1509) in paragraph at lines 857--858
\OT1/cmr/m/n/10 leaf, flower, fruit,
 []


Underfull \hbox (badness 10000) in paragraph at lines 857--858
\OT1/cmr/m/n/10 branch, stem).
 []


Underfull \hbox (badness 10000) in paragraph at lines 857--858
\OT1/cmr/m/n/10 Wrote a tag-ging
 []


Underfull \hbox (badness 3579) in paragraph at lines 857--858
\OT1/cmr/m/n/10 script which uses
 []


Underfull \hbox (badness 5893) in paragraph at lines 857--858
\OT1/cmr/m/n/10 to tag xml files
 []


Underfull \hbox (badness 10000) in paragraph at lines 857--858
\OT1/cmr/m/n/10 cor-re-spond-ing to
 []


Underfull \hbox (badness 10000) in paragraph at lines 857--858
\OT1/cmr/m/n/10 im-ages with the
 []


Underfull \hbox (badness 1946) in paragraph at lines 857--858
\OT1/cmr/m/n/10 com-po-nent of the
 []


Underfull \hbox (badness 2903) in paragraph at lines 857--858
\OT1/cmr/m/n/10 ing sys-tem which
 []


Underfull \hbox (badness 2762) in paragraph at lines 857--858
\OT1/cmr/m/n/10 into python pick-
 []


Underfull \hbox (badness 2245) in paragraph at lines 857--858
\OT1/cmr/m/n/10 led numpy ar-rays
 []


Underfull \hbox (badness 10000) in paragraph at lines 858--859
[]|\OT1/cmr/m/n/10 Learned about
 []


Underfull \hbox (badness 1527) in paragraph at lines 858--859
\OT1/cmr/m/n/10 node streams and
 []


Underfull \hbox (badness 10000) in paragraph at lines 858--859
\OT1/cmr/m/n/10 in-te-grat-ing with
 []


Underfull \hbox (badness 10000) in paragraph at lines 861--862
[]|\OT1/cmr/m/it/10 summary
 []


Underfull \hbox (badness 10000) in paragraph at lines 861--862
\OT1/cmr/m/it/10 of work
 []


Underfull \hbox (badness 10000) in paragraph at lines 862--863
[]|\OT1/cmr/m/n/10 Followed up
 []


Underfull \hbox (badness 10000) in paragraph at lines 862--863
\OT1/cmr/m/n/10 with NHM
 []


Underfull \hbox (badness 10000) in paragraph at lines 862--863
\OT1/cmr/m/n/10 re:collaboration.
 []


Underfull \hbox (badness 10000) in paragraph at lines 862--863
\OT1/cmr/m/n/10 In-creased sta-bil-
 []


Underfull \hbox (badness 2564) in paragraph at lines 862--863
\OT1/cmr/m/n/10 ity of CI Server.
 []


Underfull \hbox (badness 1748) in paragraph at lines 862--863
\OT1/cmr/m/n/10 ate code cov-er-age
 []


Underfull \hbox (badness 10000) in paragraph at lines 862--863
\OT1/cmr/m/n/10 frame-work for
 []


Underfull \hbox (badness 10000) in paragraph at lines 862--863
\OT1/cmr/m/n/10 buck-et-ing algo
 []


Underfull \hbox (badness 2035) in paragraph at lines 862--863
\OT1/cmr/m/n/10 re-sults into doc-u-
 []


Underfull \hbox (badness 4846) in paragraph at lines 862--863
\OT1/cmr/m/n/10 ments and in-sert
 []


Underfull \hbox (badness 10000) in paragraph at lines 862--863
\OT1/cmr/m/n/10 them into Mon-
 []


Underfull \hbox (badness 10000) in paragraph at lines 862--863
\OT1/cmr/m/n/10 goDB. Ex-tended
 []


Underfull \hbox (badness 3449) in paragraph at lines 862--863
\OT1/cmr/m/n/10 the xml2json util
 []


Underfull \hbox (badness 10000) in paragraph at lines 862--863
\OT1/cmr/m/n/10 script to han-dle
 []


Underfull \hbox (badness 10000) in paragraph at lines 862--863
\OT1/cmr/m/n/10 et-ing in-for-ma-tion
 []


Underfull \hbox (badness 10000) in paragraph at lines 862--863
\OT1/cmr/m/n/10 be-ing stored in
 []


Underfull \hbox (badness 10000) in paragraph at lines 863--864
[]|\OT1/cmr/m/n/10 Implemented
 []


Underfull \hbox (badness 10000) in paragraph at lines 863--864
\OT1/cmr/m/n/10 object-oriented
 []


Underfull \hbox (badness 10000) in paragraph at lines 863--864
\OT1/cmr/m/n/10 graph class in
 []


Underfull \hbox (badness 6825) in paragraph at lines 863--864
\OT1/cmr/m/n/10 python to rep-re-
 []


Underfull \hbox (badness 10000) in paragraph at lines 863--864
\OT1/cmr/m/n/10 sent taxon tree.
 []


Underfull \hbox (badness 10000) in paragraph at lines 863--864
\OT1/cmr/m/n/10 al-go-rithm that
 []


Underfull \hbox (badness 10000) in paragraph at lines 863--864
\OT1/cmr/m/n/10 de-ter-mines which
 []


Underfull \hbox (badness 10000) in paragraph at lines 863--864
\OT1/cmr/m/n/10 classes can and
 []


Underfull \hbox (badness 3168) in paragraph at lines 863--864
\OT1/cmr/m/n/10 based on num-ber
 []


Underfull \hbox (badness 10000) in paragraph at lines 863--864
\OT1/cmr/m/n/10 and parent-child
 []


Underfull \hbox (badness 5652) in paragraph at lines 863--864
\OT1/cmr/m/n/10 re-la-tion-ships, and
 []


Underfull \hbox (badness 6792) in paragraph at lines 863--864
\OT1/cmr/m/n/10 gen-er-ates a data
 []


Underfull \hbox (badness 10000) in paragraph at lines 863--864
\OT1/cmr/m/n/10 build-ing meth-ods
 []


Underfull \hbox (badness 10000) in paragraph at lines 863--864
\OT1/cmr/m/n/10 and added code
 []


Underfull \hbox (badness 10000) in paragraph at lines 863--864
\OT1/cmr/m/n/10 to en-force tree
 []


Underfull \hbox (badness 10000) in paragraph at lines 864--865
[]|\OT1/cmr/m/n/10 Improved pars-ing
 []


Underfull \hbox (badness 10000) in paragraph at lines 864--865
\OT1/cmr/m/n/10 of con-fig-u-ra-tion
 []


Underfull \hbox (badness 10000) in paragraph at lines 864--865
\OT1/cmr/m/n/10 files. Im-ple-
 []


Underfull \hbox (badness 10000) in paragraph at lines 864--865
\OT1/cmr/m/n/10 mented HTTP
 []


Underfull \hbox (badness 10000) in paragraph at lines 864--865
\OT1/cmr/m/n/10 GET re-quest on
 []


Underfull \hbox (badness 3895) in paragraph at lines 864--865
\OT1/cmr/m/n/10 AppServer. Mi-
 []


Underfull \hbox (badness 10000) in paragraph at lines 864--865
\OT1/cmr/m/n/10 grated AppServer
 []


Underfull \hbox (badness 10000) in paragraph at lines 864--865
\OT1/cmr/m/n/10 to use na-tive
 []


Underfull \hbox (badness 10000) in paragraph at lines 865--866
[]|\OT1/cmr/m/n/10 Implmented a
 []


Underfull \hbox (badness 10000) in paragraph at lines 865--866
\OT1/cmr/m/n/10 queue pro-cess-ing
 []


Underfull \hbox (badness 5985) in paragraph at lines 865--866
\OT1/cmr/m/n/10 for both up-loads
 []


Underfull \hbox (badness 10000) in paragraph at lines 865--866
\OT1/cmr/m/n/10 Af-ter user per-
 []


Underfull \hbox (badness 10000) in paragraph at lines 865--866
\OT1/cmr/m/n/10 mis-sion pro-mot,
 []


Underfull \hbox (badness 10000) in paragraph at lines 865--866
\OT1/cmr/m/n/10 the lo-ca-tion of
 []


Underfull \hbox (badness 2941) in paragraph at lines 865--866
\OT1/cmr/m/n/10 taken pho-tos will
 []


Underfull \hbox (badness 1418) in paragraph at lines 865--866
\OT1/cmr/m/n/10 also col-lected and
 []


Underfull \hbox (badness 1292) in paragraph at lines 866--867
\OT1/cmr/m/n/10 type (cre-ated and
 []


Underfull \hbox (badness 10000) in paragraph at lines 866--867
\OT1/cmr/m/n/10 stored ac-com-pa-
 []


Underfull \hbox (badness 3780) in paragraph at lines 866--867
\OT1/cmr/m/n/10 ny-ing batch data
 []


Underfull \hbox (badness 1072) in paragraph at lines 866--867
\OT1/cmr/m/n/10 also). Cre-ated a
 []


Underfull \hbox (badness 1014) in paragraph at lines 866--867
\OT1/cmr/m/n/10 main script which
 []


Underfull \hbox (badness 10000) in paragraph at lines 866--867
\OT1/cmr/m/n/10 takes an im-age
 []


Underfull \hbox (badness 10000) in paragraph at lines 866--867
\OT1/cmr/m/n/10 and tag, loads
 []


Underfull \hbox (badness 10000) in paragraph at lines 866--867
\OT1/cmr/m/n/10 the ap-pro-pri-ate
 []


Underfull \hbox (badness 1215) in paragraph at lines 866--867
\OT1/cmr/m/n/10 tag), and out-puts
 []


Underfull \hbox (badness 10000) in paragraph at lines 866--867
\OT1/cmr/m/n/10 the prob-a-bil-i-ties
 []


Underfull \hbox (badness 10000) in paragraph at lines 866--867
\OT1/cmr/m/n/10 of top 5 most
 []


Underfull \hbox (badness 10000) in paragraph at lines 866--867
\OT1/cmr/m/n/10 cre-ated a `test'
 []


Underfull \hbox (badness 10000) in paragraph at lines 867--868
[]|\OT1/cmr/m/n/10 Implemented the
 []


Underfull \hbox (badness 10000) in paragraph at lines 867--868
\OT1/cmr/m/n/10 graphic02 node
 []


Underfull \hbox (badness 10000) in paragraph at lines 867--868
\OT1/cmr/m/n/10 server such that
 []


Underfull \hbox (badness 4913) in paragraph at lines 867--868
\OT1/cmr/m/n/10 it can lis-ten for
 []


Underfull \hbox (badness 10000) in paragraph at lines 867--868
\OT1/cmr/m/n/10 In-te-grated John's
 []


Underfull \hbox (badness 10000) in paragraph at lines 870--871
[]|\OT1/cmr/m/it/10 summary
 []


Underfull \hbox (badness 10000) in paragraph at lines 870--871
\OT1/cmr/m/it/10 of work
 []


Underfull \hbox (badness 3849) in paragraph at lines 871--872
\OT1/cmr/m/n/10 code. Ex-tended
 []


Underfull \hbox (badness 6675) in paragraph at lines 871--872
\OT1/cmr/m/n/10 startup script to
 []


Underfull \hbox (badness 10000) in paragraph at lines 873--874
[]|\OT1/cmr/m/n/10 Resolved mongo
 []


Underfull \hbox (badness 1902) in paragraph at lines 873--874
\OT1/cmr/m/n/10 graphic. Al-tered
 []


Underfull \hbox (badness 1406) in paragraph at lines 874--875
[]|\OT1/cmr/m/n/10 Cleaned up re-sult
 []


Underfull \hbox (badness 10000) in paragraph at lines 874--875
\OT1/cmr/m/n/10 page de-sign for
 []


Underfull \hbox (badness 10000) in paragraph at lines 874--875
\OT1/cmr/m/n/10 project up and
 []


Underfull \hbox (badness 10000) in paragraph at lines 875--876
[]|\OT1/cmr/m/n/10 Reviewed im-age
 []


Underfull \hbox (badness 10000) in paragraph at lines 875--876
\OT1/cmr/m/n/10 re-quired sub-sets
 []


Underfull \hbox (badness 10000) in paragraph at lines 875--876
\OT1/cmr/m/n/10 of plants from
 []


Underfull \hbox (badness 1377) in paragraph at lines 875--876
\OT1/cmr/m/n/10 taxon tree of the
 []


Underfull \hbox (badness 5802) in paragraph at lines 875--876
\OT1/cmr/m/n/10 plant data, with
 []


Underfull \hbox (badness 10000) in paragraph at lines 875--876
\OT1/cmr/m/n/10 ac-com-pa-ny-ing
 []


Underfull \hbox (badness 3895) in paragraph at lines 875--876
\OT1/cmr/m/n/10 meta-data. Cus-
 []


Underfull \hbox (badness 10000) in paragraph at lines 875--876
\OT1/cmr/m/n/10 tomised tag-ging
 []


Underfull \hbox (badness 10000) in paragraph at lines 875--876
\OT1/cmr/m/n/10 a-genet data and
 []


Underfull \hbox (badness 10000) in paragraph at lines 875--876
\OT1/cmr/m/n/10 tagged xml files
 []


Underfull \hbox (badness 6380) in paragraph at lines 876--877
\OT1/cmr/m/n/10 script to ap-pend
 []


Underfull \hbox (badness 10000) in paragraph at lines 879--880
[]|\OT1/cmr/m/it/10 summary
 []


Underfull \hbox (badness 10000) in paragraph at lines 879--880
\OT1/cmr/m/it/10 of work
 []


Underfull \hbox (badness 10000) in paragraph at lines 880--881
[]|\OT1/cmr/m/n/10 wrote script to
 []


Underfull \hbox (badness 10000) in paragraph at lines 880--881
\OT1/cmr/m/n/10 con-vert im-age
 []


Underfull \hbox (badness 10000) in paragraph at lines 880--881
\OT1/cmr/m/n/10 with ap-propi-ate
 []


Underfull \hbox (badness 10000) in paragraph at lines 880--881
\OT1/cmr/m/n/10 word-net columns
 []


Underfull \hbox (badness 6220) in paragraph at lines 880--881
\OT1/cmr/m/n/10 in mogodb(scripts
 []


Underfull \hbox (badness 10000) in paragraph at lines 880--881
\OT1/cmr/m/n/10 scirpt to up-date
 []


Underfull \hbox (badness 10000) in paragraph at lines 880--881
\OT1/cmr/m/n/10 to all nodes of
 []


Underfull \hbox (badness 10000) in paragraph at lines 880--881
\OT1/cmr/m/n/10 tanon-omy tree.
 []


Underfull \hbox (badness 10000) in paragraph at lines 880--881
\OT1/cmr/m/n/10 worte buck-et-ing
 []


Underfull \hbox (badness 10000) in paragraph at lines 880--881
\OT1/cmr/m/n/10 algo javascript
 []


Underfull \hbox (badness 10000) in paragraph at lines 880--881
\OT1/cmr/m/n/10 queries/-func-tions
 []


Underfull \hbox (badness 3386) in paragraph at lines 880--881
\OT1/cmr/m/n/10 in python to fa-
 []


Underfull \hbox (badness 2781) in paragraph at lines 880--881
\OT1/cmr/m/n/10 cil-i-tate in-ter-act-ing
 []


Underfull \hbox (badness 10000) in paragraph at lines 880--881
\OT1/cmr/m/n/10 to dy-nam-i-cally
 []


Underfull \hbox (badness 10000) in paragraph at lines 880--881
\OT1/cmr/m/n/10 ex-clude synsets
 []


Underfull \hbox (badness 7576) in paragraph at lines 882--883
[]|\OT1/cmr/m/n/10 Wrote unit tests
 []


Underfull \hbox (badness 4217) in paragraph at lines 882--883
\OT1/cmr/m/n/10 for con-fig parser.
 []


Underfull \hbox (badness 1173) in paragraph at lines 882--883
\OT1/cmr/m/n/10 con-nect to mongo
 []


Underfull \hbox (badness 2269) in paragraph at lines 882--883
\OT1/cmr/m/n/10 cov-er-age and test
 []


Underfull \hbox (badness 10000) in paragraph at lines 882--883
\OT1/cmr/m/n/10 frame-works in
 []


Underfull \hbox (badness 1490) in paragraph at lines 882--883
\OT1/cmr/m/n/10 ner. Wrote unit
 []


Underfull \hbox (badness 10000) in paragraph at lines 882--883
\OT1/cmr/m/n/10 tests for server
 []


Underfull \hbox (badness 10000) in paragraph at lines 882--883
\OT1/cmr/m/n/10 Refac-tored code
 []


Underfull \hbox (badness 10000) in paragraph at lines 883--884
[]|\OT1/cmr/m/n/10 Completed Unit
 []


Underfull \hbox (badness 3668) in paragraph at lines 883--884
\OT1/cmr/m/n/10 Test cov-er-age for
 []


Underfull \hbox (badness 10000) in paragraph at lines 883--884
\OT1/cmr/m/n/10 nal-ity (Database
 []


Underfull \hbox (badness 10000) in paragraph at lines 883--884
\OT1/cmr/m/n/10 and Net-work
 []


Underfull \hbox (badness 3199) in paragraph at lines 883--884
\OT1/cmr/m/n/10 Classes). Be-gan
 []


Underfull \hbox (badness 10000) in paragraph at lines 883--884
\OT1/cmr/m/n/10 ini-tial struc-tur-ing
 []


Underfull \hbox (badness 1112) in paragraph at lines 884--885
[]|\OT1/cmr/m/n/10 Created test suite
 []


Underfull \hbox (badness 10000) in paragraph at lines 884--885
\OT1/cmr/m/n/10 frame-work for
 []


Underfull \hbox (badness 10000) in paragraph at lines 884--885
\OT1/cmr/m/n/10 ma-chine learn-ing
 []


Underfull \hbox (badness 6188) in paragraph at lines 884--885
\OT1/cmr/m/n/10 script with PCA
 []


Underfull \hbox (badness 1874) in paragraph at lines 884--885
\OT1/cmr/m/n/10 anal-y-sis to mimic
 []


Underfull \hbox (badness 10000) in paragraph at lines 884--885
\OT1/cmr/m/n/10 nat-u-ral light-ing
 []


Underfull \hbox (badness 10000) in paragraph at lines 884--885
\OT1/cmr/m/n/10 and ex-cluded
 []


Underfull \hbox (badness 10000) in paragraph at lines 884--885
\OT1/cmr/m/n/10 and be-gan work
 []


Underfull \hbox (badness 7133) in paragraph at lines 884--885
\OT1/cmr/m/n/10 ti-ple re-sults into
 []


Underfull \hbox (badness 10000) in paragraph at lines 884--885
\OT1/cmr/m/n/10 one clas-si-fi-ca-tion
 []


Underfull \hbox (badness 10000) in paragraph at lines 884--885
\OT1/cmr/m/n/10 through bayesian
 []


Underfull \hbox (badness 7631) in paragraph at lines 884--885
\OT1/cmr/m/n/10 sys-tem. Be-gan
 []


Underfull \hbox (badness 10000) in paragraph at lines 884--885
\OT1/cmr/m/n/10 work on pulling
 []


Underfull \hbox (badness 10000) in paragraph at lines 884--885
\OT1/cmr/m/n/10 buck-eted classes
 []


Underfull \hbox (badness 10000) in paragraph at lines 884--885
\OT1/cmr/m/n/10 for train-ing a
 []


Underfull \hbox (badness 7925) in paragraph at lines 885--886
[]|\OT1/cmr/m/n/10 Began unit test-
 []


Underfull \hbox (badness 1796) in paragraph at lines 885--886
\OT1/cmr/m/n/10 ing for node and
 []


Underfull \hbox (badness 10000) in paragraph at lines 888--889
[]|\OT1/cmr/m/it/10 summary
 []


Underfull \hbox (badness 10000) in paragraph at lines 888--889
\OT1/cmr/m/it/10 of work
 []


Underfull \hbox (badness 10000) in paragraph at lines 889--890
[]|\OT1/cmr/m/n/10 Completed unit
 []


Underfull \hbox (badness 6758) in paragraph at lines 889--890
\OT1/cmr/m/n/10 test cov-er-age for
 []


Underfull \hbox (badness 10000) in paragraph at lines 890--891
[]|\OT1/cmr/m/n/10 Wrote tests for
 []


Underfull \hbox (badness 10000) in paragraph at lines 890--891
\OT1/cmr/m/n/10 aug-ment-ing data
 []


Underfull \hbox (badness 5756) in paragraph at lines 890--891
\OT1/cmr/m/n/10 provider, cre-at-ing
 []


Underfull \hbox (badness 10000) in paragraph at lines 890--891
\OT1/cmr/m/n/10 dummy im-ages,
 []


Underfull \hbox (badness 6758) in paragraph at lines 890--891
\OT1/cmr/m/n/10 mak-ing sure for-
 []


Underfull \hbox (badness 10000) in paragraph at lines 890--891
\OT1/cmr/m/n/10 ward in-cre-ment,
 []


Underfull \hbox (badness 10000) in paragraph at lines 890--891
\OT1/cmr/m/n/10 down-ward in-cre-
 []


Underfull \hbox (badness 10000) in paragraph at lines 890--891
\OT1/cmr/m/n/10 ment, flip-ping
 []


Underfull \hbox (badness 3323) in paragraph at lines 891--893
[]|\OT1/cmr/m/n/10 Rewrote code for
 []


Underfull \hbox (badness 10000) in paragraph at lines 891--893
\OT1/cmr/m/n/10 AppServer and
 []


Underfull \hbox (badness 6300) in paragraph at lines 891--893
\OT1/cmr/m/n/10 ad-justed database
 []


Underfull \hbox (badness 2469) in paragraph at lines 891--893
\OT1/cmr/m/n/10 or-der to in-ter-face
 []


Underfull \hbox (badness 1024) in paragraph at lines 891--893
\OT1/cmr/m/n/10 cor-rectly with the
 []


Underfull \hbox (badness 2409) in paragraph at lines 891--893
\OT1/cmr/m/n/10 re-vised ver-sion of
 []


Underfull \hbox (badness 6300) in paragraph at lines 891--893
\OT1/cmr/m/n/10 the iPhone App.
 []


Underfull \hbox (badness 6792) in paragraph at lines 891--893
\OT1/cmr/m/n/10 en-sure new logic
 []


Underfull \hbox (badness 5954) in paragraph at lines 891--893
\OT1/cmr/m/n/10 was be-ing tested
 []


Underfull \hbox (badness 10000) in paragraph at lines 893--894
[]|\OT1/cmr/m/n/10 Finished mov-ing
 []


Underfull \hbox (badness 1675) in paragraph at lines 893--894
\OT1/cmr/m/n/10 App's UI to new
 []


Underfull \hbox (badness 10000) in paragraph at lines 893--894
\OT1/cmr/m/n/10 de-sign struc-ture.
 []


Underfull \hbox (badness 3209) in paragraph at lines 893--894
\OT1/cmr/m/n/10 Mod-i-fied database
 []


Underfull \hbox (badness 10000) in paragraph at lines 893--894
\OT1/cmr/m/n/10 new clas-si-fi-ca-tion
 []


Underfull \hbox (badness 1348) in paragraph at lines 893--894
\OT1/cmr/m/n/10 au-to-mat-i-cally con-
 []


Underfull \hbox (badness 10000) in paragraph at lines 893--894
\OT1/cmr/m/n/10 tin-ues per-form-ing
 []


Underfull \hbox (badness 10000) in paragraph at lines 893--894
\OT1/cmr/m/n/10 net-work ac-tions
 []


Underfull \hbox (badness 10000) in paragraph at lines 893--894
\OT1/cmr/m/n/10 more unit tests
 []


Underfull \hbox (badness 10000) in paragraph at lines 893--894
\OT1/cmr/m/n/10 to cover these
 []


Underfull \hbox (badness 10000) in paragraph at lines 894--895
[]|\OT1/cmr/m/n/10 Batched im-age
 []


Underfull \hbox (badness 10000) in paragraph at lines 894--895
\OT1/cmr/m/n/10 net data, and
 []


Underfull \hbox (badness 3746) in paragraph at lines 894--895
\OT1/cmr/m/n/10 vised `one-big-net'
 []


Underfull \hbox (badness 3579) in paragraph at lines 894--895
\OT1/cmr/m/n/10 Batcher now cre-
 []


Underfull \hbox (badness 10000) in paragraph at lines 894--895
\OT1/cmr/m/n/10 com-bine script
 []


Underfull \hbox (badness 2529) in paragraph at lines 894--895
\OT1/cmr/m/n/10 to use a baysian
 []


Underfull \hbox (badness 10000) in paragraph at lines 895--896
[]|\OT1/cmr/m/n/10 Updated graphic
 []


Underfull \hbox (badness 10000) in paragraph at lines 895--896
\OT1/cmr/m/n/10 server so that,
 []


Underfull \hbox (badness 6063) in paragraph at lines 895--896
\OT1/cmr/m/n/10 upon re-ceiv-ing a
 []


Underfull \hbox (badness 5231) in paragraph at lines 895--896
\OT1/cmr/m/n/10 di-rec-tory to save
 []


Underfull \hbox (badness 7540) in paragraph at lines 895--896
\OT1/cmr/m/n/10 im-ages, and up-
 []


Underfull \hbox (badness 10000) in paragraph at lines 895--896
\OT1/cmr/m/n/10 Be-gan work on
 []


Underfull \hbox (badness 1436) in paragraph at lines 895--896
\OT1/cmr/m/n/10 polling mongo for
 []


Underfull \hbox (badness 10000) in paragraph at lines 898--899
[]|\OT1/cmr/m/it/10 summary
 []


Underfull \hbox (badness 10000) in paragraph at lines 898--899
\OT1/cmr/m/it/10 of work
 []


Underfull \hbox (badness 10000) in paragraph at lines 899--900
[]|\OT1/cmr/m/n/10 Mostly re-port 2
 []


Underfull \hbox (badness 7504) in paragraph at lines 899--900
\OT1/cmr/m/n/10 work, and small
 []


Underfull \hbox (badness 10000) in paragraph at lines 901--902
\OT1/cmr/m/n/10 read-ing, fur-ther
 []


Underfull \hbox (badness 10000) in paragraph at lines 902--903
[]|\OT1/cmr/m/n/10 Moved image-
 []


Underfull \hbox (badness 1924) in paragraph at lines 902--903
\OT1/cmr/m/n/10 capture logic into
 []


Underfull \hbox (badness 1048) in paragraph at lines 902--903
\OT1/cmr/m/n/10 seper-ate class, in-
 []


Underfull \hbox (badness 1264) in paragraph at lines 902--903
\OT1/cmr/m/n/10 creas-ing line-count
 []


Underfull \hbox (badness 10000) in paragraph at lines 903--904
[]|\OT1/cmr/m/n/10 Built pro-to-type
 []


Underfull \hbox (badness 10000) in paragraph at lines 903--904
\OT1/cmr/m/n/10 tem-plates of a
 []


Underfull \hbox (badness 10000) in paragraph at lines 903--904
\OT1/cmr/m/n/10 smaller ar-chi-
 []


Underfull \hbox (badness 10000) in paragraph at lines 903--904
\OT1/cmr/m/n/10 tec-ture for four
 []


Underfull \hbox (badness 1783) in paragraph at lines 903--904
\OT1/cmr/m/n/10 sep-a-rate net-works.
 []


Underfull \hbox (badness 6876) in paragraph at lines 903--904
\OT1/cmr/m/n/10 Some mi-nor bug
 []


Underfull \hbox (badness 10000) in paragraph at lines 904--905
[]|\OT1/cmr/m/n/10 Created sep-a-rate
 []


Underfull \hbox (badness 10000) in paragraph at lines 904--905
\OT1/cmr/m/n/10 pro-cess, poll.js
 []


Underfull \hbox (badness 5985) in paragraph at lines 904--905
\OT1/cmr/m/n/10 graphic and gets
 []


Underfull \hbox (badness 10000) in paragraph at lines 907--908
[]|\OT1/cmr/m/it/10 summary
 []


Underfull \hbox (badness 10000) in paragraph at lines 907--908
\OT1/cmr/m/it/10 of work
 []


Underfull \hbox (badness 10000) in paragraph at lines 909--910
[]|\OT1/cmr/m/n/10 Trained mul-ti-ple
 []


Underfull \hbox (badness 1540) in paragraph at lines 909--910
\OT1/cmr/m/n/10 ver-sions of a leaf
 []


Underfull \hbox (badness 10000) in paragraph at lines 909--910
\OT1/cmr/m/n/10 net-work, us-ing
 []


Underfull \hbox (badness 10000) in paragraph at lines 909--910
\OT1/cmr/m/n/10 dif-fer-ent net-work
 []


Underfull \hbox (badness 10000) in paragraph at lines 909--910
\OT1/cmr/m/n/10 ar-chi-tec-tures,
 []


Underfull \hbox (badness 10000) in paragraph at lines 909--910
\OT1/cmr/m/n/10 dropout lev-els,
 []


Underfull \hbox (badness 10000) in paragraph at lines 909--910
\OT1/cmr/m/n/10 com-po-nent tag-
 []


Underfull \hbox (badness 10000) in paragraph at lines 909--910
\OT1/cmr/m/n/10 ging thresh-olds,
 []


Underfull \hbox (badness 10000) in paragraph at lines 910--911
[]|\OT1/cmr/m/n/10 Testing of in-ter-
 []


Underfull \hbox (badness 10000) in paragraph at lines 910--911
\OT1/cmr/m/n/10 ac-tion be-tween
 []


Underfull \hbox (badness 1997) in paragraph at lines 910--911
\OT1/cmr/m/n/10 App and Re-quest
 []


Underfull \hbox (badness 10000) in paragraph at lines 910--911
\OT1/cmr/m/n/10 of struc-ture of
 []


Underfull \hbox (badness 10000) in paragraph at lines 911--912
[]|\OT1/cmr/m/n/10 Adding abil-ity
 []


Underfull \hbox (badness 10000) in paragraph at lines 911--912
\OT1/cmr/m/n/10 to change de-
 []


Underfull \hbox (badness 10000) in paragraph at lines 911--912
\OT1/cmr/m/n/10 bug/pro-duc-tion
 []


Underfull \hbox (badness 10000) in paragraph at lines 911--912
\OT1/cmr/m/n/10 URL within the
 []


Underfull \hbox (badness 10000) in paragraph at lines 911--912
\OT1/cmr/m/n/10 set-tings.app -
 []


Underfull \hbox (badness 3838) in paragraph at lines 911--912
\OT1/cmr/m/n/10 Pho-tos taken are
 []


Underfull \hbox (badness 10000) in paragraph at lines 911--912
\OT1/cmr/m/n/10 center-cropped to
 []


Underfull \hbox (badness 10000) in paragraph at lines 911--912
\OT1/cmr/m/n/10 512x512 be-fore
 []


Underfull \hbox (badness 10000) in paragraph at lines 911--912
\OT1/cmr/m/n/10 be-ing saved and
 []


Underfull \hbox (badness 1590) in paragraph at lines 911--912
\OT1/cmr/m/n/10 now gen-er-ate and
 []


Underfull \hbox (badness 10000) in paragraph at lines 911--912
\OT1/cmr/m/n/10 be-ing `com-pleted'
 []


Underfull \hbox (badness 10000) in paragraph at lines 911--912
\OT1/cmr/m/n/10 ready for fi-nal
 []


Underfull \hbox (badness 10000) in paragraph at lines 911--912
\OT1/cmr/m/n/10 re-sult re-sponse.
 []


Underfull \hbox (badness 1931) in paragraph at lines 911--912
\OT1/cmr/m/n/10 Many UI im-prov-
 []


Underfull \hbox (badness 10000) in paragraph at lines 911--912
\OT1/cmr/m/n/10 ments: dis-plays
 []


Underfull \hbox (badness 10000) in paragraph at lines 911--912
\OT1/cmr/m/n/10 piechart, re-sults
 []


Underfull \hbox (badness 10000) in paragraph at lines 911--912
\OT1/cmr/m/n/10 re-sults have an
 []


Underfull \hbox (badness 10000) in paragraph at lines 911--912
\OT1/cmr/m/n/10 ac-tiv-ity in-di-ca-tor.
 []


Underfull \hbox (badness 10000) in paragraph at lines 911--912
\OT1/cmr/m/n/10 Fixed re-sultview
 []


Underfull \hbox (badness 10000) in paragraph at lines 911--912
\OT1/cmr/m/n/10 scroll-bounce-bug.
 []


Underfull \hbox (badness 10000) in paragraph at lines 911--912
\OT1/cmr/m/n/10 Tried dif-fer-ent
 []


Underfull \hbox (badness 10000) in paragraph at lines 911--912
\OT1/cmr/m/n/10 lay-out/vis-i-bil-ity
 []


Underfull \hbox (badness 10000) in paragraph at lines 911--912
\OT1/cmr/m/n/10 op-tions for the
 []


Underfull \hbox (badness 1590) in paragraph at lines 912--913
[]|\OT1/cmr/m/n/10 Working with the
 []


Underfull \hbox (badness 10000) in paragraph at lines 912--913
\OT1/cmr/m/n/10 lo-ca-tions on the
 []


Underfull \hbox (badness 10000) in paragraph at lines 912--913
\OT1/cmr/m/n/10 cen-tral graphic02
 []


Underfull \hbox (badness 10000) in paragraph at lines 913--914
[]|\OT1/cmr/m/n/10 Tested ex-e-cut-ing
 []


Underfull \hbox (badness 1817) in paragraph at lines 913--914
\OT1/cmr/m/n/10 com-bine.py scripts
 []


Underfull \hbox (badness 1924) in paragraph at lines 913--914
\OT1/cmr/m/n/10 field upon re-ceipt
 []


Underfull \hbox (badness 3386) in paragraph at lines 913--914
\OT1/cmr/m/n/10 of an im-age e.g.
 []


Underfull \hbox (badness 5726) in paragraph at lines 913--914
\OT1/cmr/m/n/10 leaf: `/path/-to/-
 []


Underfull \hbox (badness 10000) in paragraph at lines 913--914
\OT1/cmr/m/n/10 com-bined when
 []


Underfull \hbox (badness 10000) in paragraph at lines 913--914
\OT1/cmr/m/n/10 the user presses
 []


Underfull \hbox (badness 10000) in alignment at lines 847--916
[] [] [] [] [] [] []
 []


Underfull \hbox (badness 10000) in paragraph at lines 917--917
[]|\OT1/cmr/m/it/10 summary
 []


Underfull \hbox (badness 10000) in paragraph at lines 917--917
\OT1/cmr/m/it/10 of work
 []


Underfull \hbox (badness 2351) in paragraph at lines 917--917
[]|\OT1/cmr/m/n/10 App sends `PUT'
 []


Underfull \hbox (badness 10000) in paragraph at lines 919--919
[]|\OT1/cmr/m/it/10 summary
 []


Underfull \hbox (badness 10000) in paragraph at lines 919--919
\OT1/cmr/m/it/10 of work
 []


Underfull \hbox (badness 2261) in paragraph at lines 919--919
\OT1/cmr/m/n/10 flower com-po-nents
 []


Underfull \hbox (badness 1436) in paragraph at lines 919--919
\OT1/cmr/m/n/10 only. Er-ror rate
 []


Underfull \hbox (badness 7273) in paragraph at lines 919--919
\OT1/cmr/m/n/10 af-ter a week of
 []


Underfull \hbox (badness 10000) in paragraph at lines 919--919
\OT1/cmr/m/n/10 us-ing Boot-strap,
 []


Underfull \hbox (badness 10000) in paragraph at lines 919--919
\OT1/cmr/m/n/10 in-clud-ing signup
 []


Underfull \hbox (badness 10000) in paragraph at lines 919--919
\OT1/cmr/m/n/10 field to track
 []


Underfull \hbox (badness 10000) in paragraph at lines 921--921
[]|\OT1/cmr/m/it/10 summary
 []


Underfull \hbox (badness 10000) in paragraph at lines 921--921
\OT1/cmr/m/it/10 of work
 []


Underfull \hbox (badness 1226) in paragraph at lines 921--921
[]|\OT1/cmr/m/n/10 Built a pre-dic-tion
 []


Underfull \hbox (badness 3148) in paragraph at lines 921--921
\OT1/cmr/m/n/10 suite to test the
 []


Underfull \hbox (badness 2020) in paragraph at lines 921--921
\OT1/cmr/m/n/10 nets. Cal-cu-lated
 []


Underfull \hbox (badness 3375) in paragraph at lines 921--921
\OT1/cmr/m/n/10 net-work er-ror for
 []


Underfull \hbox (badness 10000) in paragraph at lines 921--921
\OT1/cmr/m/n/10 cur-rent net-work.
 []


Underfull \hbox (badness 1226) in paragraph at lines 921--921
\OT1/cmr/m/n/10 per pro-cess which
 []


Underfull \hbox (badness 10000) in paragraph at lines 921--921
\OT1/cmr/m/n/10 the train-ing pa-
 []


Underfull \hbox (badness 10000) in paragraph at lines 921--921
\OT1/cmr/m/n/10 ar-bi-trary num-ber
 []


Underfull \hbox (badness 2941) in paragraph at lines 921--921
\OT1/cmr/m/n/10 i-fied the provider
 []


Underfull \hbox (badness 10000) in paragraph at lines 921--921
\OT1/cmr/m/n/10 classes to take
 []


Underfull \hbox (badness 10000) in paragraph at lines 921--921
\OT1/cmr/m/n/10 ran-dom im-age
 []


Underfull \hbox (badness 10000) in paragraph at lines 921--921
\OT1/cmr/m/n/10 Started train-ing
 []


Underfull \hbox (badness 10000) in paragraph at lines 921--921
\OT1/cmr/m/n/10 an-other big net-
 []


Underfull \hbox (badness 7256) in paragraph at lines 921--921
\OT1/cmr/m/n/10 work to im-prove
 []


Underfull \hbox (badness 10000) in paragraph at lines 921--921
\OT1/cmr/m/n/10 per-for-mance and
 []


Underfull \hbox (badness 10000) in paragraph at lines 923--923
[]|\OT1/cmr/m/it/10 summary
 []


Underfull \hbox (badness 10000) in paragraph at lines 923--923
\OT1/cmr/m/it/10 of work
 []


Underfull \hbox (badness 10000) in paragraph at lines 926--926
[]|\OT1/cmr/m/it/10 summary
 []


Underfull \hbox (badness 10000) in paragraph at lines 926--926
\OT1/cmr/m/it/10 of work
 []


Underfull \hbox (badness 10000) in paragraph at lines 926--926
[]|\OT1/cmr/m/n/10 Fixed in-ter-face
 []


Underfull \hbox (badness 10000) in paragraph at lines 926--926
\OT1/cmr/m/n/10 au-to-lay-out con-
 []


Underfull \hbox (badness 10000) in paragraph at lines 926--926
\OT1/cmr/m/n/10 strains. Add
 []


Underfull \hbox (badness 10000) in paragraph at lines 926--926
\OT1/cmr/m/n/10 swipe-to-change-
 []


Underfull \hbox (badness 10000) in paragraph at lines 928--928
[]|\OT1/cmr/m/it/10 summary
 []


Underfull \hbox (badness 10000) in paragraph at lines 928--928
\OT1/cmr/m/it/10 of work
 []


Underfull \hbox (badness 10000) in paragraph at lines 928--928
\OT1/cmr/m/n/10 for NodeJS, en-
 []


Underfull \hbox (badness 10000) in paragraph at lines 928--928
\OT1/cmr/m/n/10 were locked at
 []


Underfull \hbox (badness 10000) in paragraph at lines 928--928
\OT1/cmr/m/n/10 work-ing ver-sions.
 []


Underfull \hbox (badness 6300) in paragraph at lines 928--928
\OT1/cmr/m/n/10 ra-tio-nalised folder
 []


Underfull \hbox (badness 2050) in paragraph at lines 928--928
\OT1/cmr/m/n/10 Make-file. Im-ple-
 []


Underfull \hbox (badness 1715) in paragraph at lines 928--928
\OT1/cmr/m/n/10 mented kill script
 []


Underfull \hbox (badness 3039) in paragraph at lines 928--928
\OT1/cmr/m/n/10 for old and can-
 []


Underfull \hbox (badness 10000) in alignment at lines 916--929
[] [] [] [] [] [] []
 []


Package Fancyhdr Warning: \headheight is too small (12.0pt): 
 Make it at least 13.59999pt.
 We now make it that large for the rest of the document.
 This may cause the page layout to be inconsistent, however.

[27


]

Package Fancyhdr Warning: \headheight is too small (12.0pt): 
 Make it at least 13.59999pt.
 We now make it that large for the rest of the document.
 This may cause the page layout to be inconsistent, however.

[28]

Package Fancyhdr Warning: \headheight is too small (12.0pt): 
 Make it at least 13.59999pt.
 We now make it that large for the rest of the document.
 This may cause the page layout to be inconsistent, however.

[29]

Package Fancyhdr Warning: \headheight is too small (12.0pt): 
 Make it at least 13.59999pt.
 We now make it that large for the rest of the document.
 This may cause the page layout to be inconsistent, however.

[30]

Package Fancyhdr Warning: \headheight is too small (12.0pt): 
 Make it at least 13.59999pt.
 We now make it that large for the rest of the document.
 This may cause the page layout to be inconsistent, however.

[31]

Package Fancyhdr Warning: \headheight is too small (12.0pt): 
 Make it at least 13.59999pt.
 We now make it that large for the rest of the document.
 This may cause the page layout to be inconsistent, however.

[32]

Package Fancyhdr Warning: \headheight is too small (12.0pt): 
 Make it at least 13.59999pt.
 We now make it that large for the rest of the document.
 This may cause the page layout to be inconsistent, however.

[33]

! Package Listings Error: File `./../meetingMinutes/2013_12_13-Minutes(.txt)' n
ot found.

Type X to quit or <RETURN> to proceed,
or enter new name. (Default extension: txt)

Enter file name: 
! Emergency stop.
<read *> 
         
l.937 ...../meetingMinutes/2013_12_13-Minutes.txt}
                                                  ^^M
*** (cannot \read from terminal in nonstop modes)

 
Here is how much of TeX's memory you used:
 5898 strings out of 494985
 90924 string characters out of 6180356
 232666 words of memory out of 5000000
 8992 multiletter control sequences out of 15000+600000
 10233 words of font info for 36 fonts, out of 8000000 for 9000
 36 hyphenation exceptions out of 8191
 41i,12n,51p,1198b,421s stack positions out of 5000i,500n,10000p,200000b,80000s
!  ==> Fatal error occurred, no output PDF file produced!
