nohup: ignoring input
Taking mean every 1 batches
Generating data_batch_1
Taking mean of batch 1
Batch file backed_up
Generating data_batch_2
Taking mean of batch 2
Batch file backed_up
Generating data_batch_3
Taking mean of batch 3
Batch file backed_up
Generating data_batch_4
Taking mean of batch 4
Batch file backed_up
Generating data_batch_5
Taking mean of batch 5
Batch file backed_up
Generating data_batch_6
Taking mean of batch 6
Batch file backed_up
Generating data_batch_7
Taking mean of batch 7
Batch file backed_up
Generating data_batch_8
Taking mean of batch 8
Batch file backed_up
Generating data_batch_9
Taking mean of batch 9
Batch file backed_up
Generating data_batch_10
Taking mean of batch 10
Batch file backed_up
Generating data_batch_11
Taking mean of batch 11
Batch file backed_up
Generating data_batch_12
Taking mean of batch 12
Batch file backed_up
Generating data_batch_13
Taking mean of batch 13
Batch file backed_up
Generating data_batch_14
Taking mean of batch 14
Batch file backed_up
Generating data_batch_15
Taking mean of batch 15
Batch file backed_up
Generating data_batch_16
Taking mean of batch 16
Batch file backed_up
Generating data_batch_17
Taking mean of batch 17
Batch file backed_up
Generating data_batch_18
Taking mean of batch 18
Batch file backed_up
Generating data_batch_19
Taking mean of batch 19
Batch file backed_up
Generating data_batch_20
Taking mean of batch 20
Batch file backed_up
Generating data_batch_21
Taking mean of batch 21
Batch file backed_up
Generating data_batch_22
Taking mean of batch 22
Batch file backed_up
Generating data_batch_23
Taking mean of batch 23
Batch file backed_up
Generating data_batch_24
Taking mean of batch 24
Batch file backed_up
Batch processing complete
nohup: ignoring input
Taking mean every 0 batches
Generating data_batch_1
Taking mean of batch 1
Batch file backed_up
Generating data_batch_2
Taking mean of batch 2
Batch file backed_up
Generating data_batch_3
Taking mean of batch 3
Batch file backed_up
Generating data_batch_4
Taking mean of batch 4
Batch file backed_up
Generating data_batch_5
Taking mean of batch 5
Batch file backed_up
Generating data_batch_6
Taking mean of batch 6
Batch file backed_up
Batch processing complete
